Using pre-set license
Built from '2020.3/staging' branch; Version is '2020.3.23f1 (c5d91304a876) revision 12966163'; Using compiler version '192528614'; Build Type 'Release'
OS: 'Windows 10 Pro; OS build 19045.2364; Version 2009; 64bit' Language: 'en' Physical Memory: 7528 MB
BatchMode: 1, IsHumanControllingUs: 0, StartBugReporterOnCrash: 0, Is64bit: 1, IsPro: 0

COMMAND LINE ARGUMENTS:
D:\Program\Unity\2020.3.23f1\Editor\Unity.exe
-adb2
-batchMode
-noUpm
-name
AssetImportWorker0
-projectPath
D:/Hoc tap/ga/Mad-Gunner/Mad Gunner
-logFile
Logs/AssetImportWorker0.log
-srvPort
51561
Successfully changed project path to: D:/Hoc tap/ga/Mad-Gunner/Mad Gunner
D:/Hoc tap/ga/Mad-Gunner/Mad Gunner
Using Asset Import Pipeline V2.
Refreshing native plugins compatible for Editor in 45.37 ms, found 3 plugins.
Preloading 0 native plugins for Editor in 0.00 ms.
Initialize engine version: 2020.3.23f1 (c5d91304a876)
[Subsystems] Discovering subsystems at path D:/Program/Unity/2020.3.23f1/Editor/Data/Resources/UnitySubsystems
[Subsystems] Discovering subsystems at path D:/Hoc tap/ga/Mad-Gunner/Mad Gunner/Assets
GfxDevice: creating device client; threaded=0
Direct3D:
    Version:  Direct3D 11.0 [level 11.1]
    Renderer: AMD Radeon(TM) Graphics (ID=0x164c)
    Vendor:   
    VRAM:     3764 MB
    Driver:   30.0.13014.8
Initialize mono
Mono path[0] = 'D:/Program/Unity/2020.3.23f1/Editor/Data/Managed'
Mono path[1] = 'D:/Program/Unity/2020.3.23f1/Editor/Data/MonoBleedingEdge/lib/mono/unityjit'
Mono config path = 'D:/Program/Unity/2020.3.23f1/Editor/Data/MonoBleedingEdge/etc'
Using monoOptions --debugger-agent=transport=dt_socket,embedding=1,server=y,suspend=n,address=127.0.0.1:56988
Begin MonoManager ReloadAssembly
Registering precompiled unity dll's ...
Register platform support module: D:/Program/Unity/2020.3.23f1/Editor/Data/PlaybackEngines/WebGLSupport/UnityEditor.WebGL.Extensions.dll
Register platform support module: D:/Program/Unity/2020.3.23f1/Editor/Data/PlaybackEngines/WindowsStandaloneSupport/UnityEditor.WindowsStandalone.Extensions.dll
Registered in 0.001158 seconds.
Native extension for WindowsStandalone target not found
Native extension for WebGL target not found
Refreshing native plugins compatible for Editor in 45.19 ms, found 3 plugins.
Preloading 0 native plugins for Editor in 0.00 ms.
Mono: successfully reloaded assembly
- Completed reload, in  0.537 seconds
Domain Reload Profiling:
	ReloadAssembly (538ms)
		BeginReloadAssembly (46ms)
			ExecutionOrderSort (0ms)
			DisableScriptedObjects (0ms)
			BackupInstance (0ms)
			ReleaseScriptingObjects (0ms)
			CreateAndSetChildDomain (1ms)
		EndReloadAssembly (426ms)
			LoadAssemblies (46ms)
			RebuildTransferFunctionScriptingTraits (0ms)
			SetupTypeCache (140ms)
			ReleaseScriptCaches (0ms)
			RebuildScriptCaches (30ms)
			SetupLoadedEditorAssemblies (162ms)
				LogAssemblyErrors (0ms)
				InitializePlatformSupportModulesInManaged (4ms)
				SetLoadedEditorAssemblies (0ms)
				RefreshPlugins (45ms)
				BeforeProcessingInitializeOnLoad (14ms)
				ProcessInitializeOnLoadAttributes (72ms)
				ProcessInitializeOnLoadMethodAttributes (27ms)
				AfterProcessingInitializeOnLoad (0ms)
				EditorAssembliesLoaded (0ms)
			ExecutionOrderSort2 (0ms)
			AwakeInstancesAfterBackupRestoration (0ms)
Platform modules already initialized, skipping
Registering precompiled user dll's ...
Registered in 0.002865 seconds.
Begin MonoManager ReloadAssembly
Native extension for WindowsStandalone target not found
Native extension for WebGL target not found
Refreshing native plugins compatible for Editor in 45.60 ms, found 3 plugins.
Preloading 0 native plugins for Editor in 0.00 ms.
Mono: successfully reloaded assembly
- Completed reload, in  1.051 seconds
Domain Reload Profiling:
	ReloadAssembly (1052ms)
		BeginReloadAssembly (135ms)
			ExecutionOrderSort (0ms)
			DisableScriptedObjects (4ms)
			BackupInstance (0ms)
			ReleaseScriptingObjects (0ms)
			CreateAndSetChildDomain (23ms)
		EndReloadAssembly (863ms)
			LoadAssemblies (82ms)
			RebuildTransferFunctionScriptingTraits (0ms)
			SetupTypeCache (292ms)
			ReleaseScriptCaches (1ms)
			RebuildScriptCaches (49ms)
			SetupLoadedEditorAssemblies (321ms)
				LogAssemblyErrors (0ms)
				InitializePlatformSupportModulesInManaged (3ms)
				SetLoadedEditorAssemblies (0ms)
				RefreshPlugins (46ms)
				BeforeProcessingInitializeOnLoad (73ms)
				ProcessInitializeOnLoadAttributes (180ms)
				ProcessInitializeOnLoadMethodAttributes (16ms)
				AfterProcessingInitializeOnLoad (2ms)
				EditorAssembliesLoaded (0ms)
			ExecutionOrderSort2 (0ms)
			AwakeInstancesAfterBackupRestoration (6ms)
Platform modules already initialized, skipping
========================================================================
Worker process is ready to serve import requests
Launched and connected shader compiler UnityShaderCompiler.exe after 0.05 seconds
Refreshing native plugins compatible for Editor in 0.59 ms, found 3 plugins.
Preloading 0 native plugins for Editor in 0.00 ms.
Unloading 2204 Unused Serialized files (Serialized files now loaded: 0)
System memory in use before: 96.2 MB.
System memory in use after: 96.3 MB.

Unloading 28 unused Assets to reduce memory usage. Loaded Objects now: 2640.
Total: 6.176000 ms (FindLiveObjects: 0.416900 ms CreateObjectMapping: 0.105800 ms MarkObjects: 5.542400 ms  DeleteObjects: 0.107900 ms)

AssetImportParameters requested are different than current active one (requested -> active):
  custom:framework-win-MediaFoundation: 216162199b28c13a410421893ffa2e32 -> 
  custom:video-decoder-ogg-theora: a1e56fd34408186e4bbccfd4996cb3dc -> 
  custom:container-muxer-webm: aa71ff27fc2769a1b78a27578f13a17b -> 
  custom:container-demuxer-webm: 4f35f7cbe854078d1ac9338744f61a02 -> 
  custom:container-demuxer-ogg: 62fdf1f143b41e24485cea50d1cbac27 -> 
  custom:video-encoder-webm-vp8: eb34c28f22e8b96e1ab97ce403110664 -> 
  custom:video-decoder-webm-vp8: 9c59270c3fd7afecdb556c50c9e8de78 -> 
  custom:audio-decoder-ogg-vorbis: bf7c407c2cedff20999df2af8eb42d56 -> 
  custom:audio-encoder-webm-vorbis: bf7c407c2cedff20999df2af8eb42d56 -> 
========================================================================
Received Import Request.
  path: Assets/Tilesets/Dungeon 1/Dungeon 1 Tiles_60.asset
  artifactKey: Guid(aaea64ec219ff2d42a04edc086881365) Importer(815301076,1909f56bfc062723c751e8b465ee728b)
Start importing Assets/Tilesets/Dungeon 1/Dungeon 1 Tiles_60.asset using Guid(aaea64ec219ff2d42a04edc086881365) Importer(815301076,1909f56bfc062723c751e8b465ee728b)  -> (artifact id: 'fe78e55ce03fc8fb3e26de202d1713e0') in 0.091942 seconds 
  Import took 0.097044 seconds .

========================================================================
Received Import Request.
  Time since last request: 0.000336 seconds.
  path: Assets/Tilesets/Dungeon 1/Dungeon 1 Tiles_23.asset
  artifactKey: Guid(8dd7fdec8dfc5d540bfcd8c27b48bc58) Importer(815301076,1909f56bfc062723c751e8b465ee728b)
Start importing Assets/Tilesets/Dungeon 1/Dungeon 1 Tiles_23.asset using Guid(8dd7fdec8dfc5d540bfcd8c27b48bc58) Importer(815301076,1909f56bfc062723c751e8b465ee728b)  -> (artifact id: 'dee322257f5b42821cf0e970291e1522') in 0.016668 seconds 
  Import took 0.021152 seconds .

========================================================================
Received Import Request.
  Time since last request: 0.000300 seconds.
  path: Assets/Tilesets/Dungeon 1/Dungeon 1 Tiles_13.asset
  artifactKey: Guid(de396adea880451478edc3e9b4982fe4) Importer(815301076,1909f56bfc062723c751e8b465ee728b)
Start importing Assets/Tilesets/Dungeon 1/Dungeon 1 Tiles_13.asset using Guid(de396adea880451478edc3e9b4982fe4) Importer(815301076,1909f56bfc062723c751e8b465ee728b)  -> (artifact id: '830180fdaa5bce78aa9e00a744abfe4d') in 0.015716 seconds 
  Import took 0.023540 seconds .

========================================================================
Received Import Request.
  Time since last request: 0.000371 seconds.
  path: Assets/Tilesets/Dungeon 1/Dungeon 1 Tiles_14.asset
  artifactKey: Guid(0f012dd540b0dec4292dfcfb7c4ef317) Importer(815301076,1909f56bfc062723c751e8b465ee728b)
Start importing Assets/Tilesets/Dungeon 1/Dungeon 1 Tiles_14.asset using Guid(0f012dd540b0dec4292dfcfb7c4ef317) Importer(815301076,1909f56bfc062723c751e8b465ee728b)  -> (artifact id: '6a47bcca1a5925123a8e8b5d9977a16e') in 0.014210 seconds 
  Import took 0.019515 seconds .

========================================================================
Received Import Request.
  Time since last request: 0.000295 seconds.
  path: Assets/Tilesets/Dungeon 1/Dungeon 1 Tiles_20.asset
  artifactKey: Guid(11e157da0ca998c4884197945e79956e) Importer(815301076,1909f56bfc062723c751e8b465ee728b)
Start importing Assets/Tilesets/Dungeon 1/Dungeon 1 Tiles_20.asset using Guid(11e157da0ca998c4884197945e79956e) Importer(815301076,1909f56bfc062723c751e8b465ee728b)  -> (artifact id: '8148d8fa4bae29a10d5305b9bd656c91') in 0.017300 seconds 
  Import took 0.023050 seconds .

========================================================================
Received Import Request.
  Time since last request: 0.000339 seconds.
  path: Assets/Tilesets
  artifactKey: Guid(7433f2f471a959e4c9769cf510d1e0f3) Importer(815301076,1909f56bfc062723c751e8b465ee728b)
Start importing Assets/Tilesets using Guid(7433f2f471a959e4c9769cf510d1e0f3) Importer(815301076,1909f56bfc062723c751e8b465ee728b)  -> (artifact id: '5d2e6dfa0c987a3864daa8da238d45f3') in 0.008007 seconds 
  Import took 0.013338 seconds .

========================================================================
Received Import Request.
  Time since last request: 0.000579 seconds.
  path: Assets/Tilesets/Dungeon 1/Dungeon 1 Tiles_41.asset
  artifactKey: Guid(988ead40e01f5614e905a12c743200cf) Importer(815301076,1909f56bfc062723c751e8b465ee728b)
Start importing Assets/Tilesets/Dungeon 1/Dungeon 1 Tiles_41.asset using Guid(988ead40e01f5614e905a12c743200cf) Importer(815301076,1909f56bfc062723c751e8b465ee728b)  -> (artifact id: 'ff7a78a390f2b35199f9f6c476c08361') in 0.014168 seconds 
  Import took 0.018937 seconds .

========================================================================
Received Import Request.
  Time since last request: 0.000600 seconds.
  path: Assets/Tilesets/Dungeon 1/Dungeon 1 Tiles_42.asset
  artifactKey: Guid(0f336d3890f992f4aadf5408ffa0baee) Importer(815301076,1909f56bfc062723c751e8b465ee728b)
Start importing Assets/Tilesets/Dungeon 1/Dungeon 1 Tiles_42.asset using Guid(0f336d3890f992f4aadf5408ffa0baee) Importer(815301076,1909f56bfc062723c751e8b465ee728b)  -> (artifact id: '5e9c2e83d7007a35f9d2332bff5fb139') in 0.015782 seconds 
  Import took 0.021688 seconds .

========================================================================
Received Import Request.
  Time since last request: 0.000307 seconds.
  path: Assets/Tilesets/Dungeon 1/Dungeon 1 Tiles_46.asset
  artifactKey: Guid(f8a6da5fee487f8409d43a7f73866cd5) Importer(815301076,1909f56bfc062723c751e8b465ee728b)
Start importing Assets/Tilesets/Dungeon 1/Dungeon 1 Tiles_46.asset using Guid(f8a6da5fee487f8409d43a7f73866cd5) Importer(815301076,1909f56bfc062723c751e8b465ee728b)  -> (artifact id: '157cda7588cbde847fb6f998b4df82ca') in 0.015799 seconds 
  Import took 0.021222 seconds .

========================================================================
Received Import Request.
  Time since last request: 0.000307 seconds.
  path: Assets/Tilesets/Dungeon 1/Dungeon 1.prefab
  artifactKey: Guid(f76793f7d48703c4da3072ca3cda6fde) Importer(815301076,1909f56bfc062723c751e8b465ee728b)
Start importing Assets/Tilesets/Dungeon 1/Dungeon 1.prefab using Guid(f76793f7d48703c4da3072ca3cda6fde) Importer(815301076,1909f56bfc062723c751e8b465ee728b)  -> (artifact id: '2c44cfe4a2231dc07a4c829b05a54b5a') in 0.066348 seconds 
  Import took 0.071097 seconds .

========================================================================
Received Import Request.
  Time since last request: 0.000330 seconds.
  path: Assets/Tilesets/Dungeon 1/Dungeon 1 Tiles_6.asset
  artifactKey: Guid(833306b7ee7bbfb45bebad407ebb5e9d) Importer(815301076,1909f56bfc062723c751e8b465ee728b)
Start importing Assets/Tilesets/Dungeon 1/Dungeon 1 Tiles_6.asset using Guid(833306b7ee7bbfb45bebad407ebb5e9d) Importer(815301076,1909f56bfc062723c751e8b465ee728b)  -> (artifact id: 'ad28b39817401055427f937db46dd9f5') in 0.013778 seconds 
  Import took 0.020180 seconds .

========================================================================
Received Import Request.
  Time since last request: 0.000325 seconds.
  path: Assets/Tilesets/Dungeon 1/Dungeon 1 Tiles_21.asset
  artifactKey: Guid(2de706a7e15492047a0baa0e3b4b3921) Importer(815301076,1909f56bfc062723c751e8b465ee728b)
Start importing Assets/Tilesets/Dungeon 1/Dungeon 1 Tiles_21.asset using Guid(2de706a7e15492047a0baa0e3b4b3921) Importer(815301076,1909f56bfc062723c751e8b465ee728b)  -> (artifact id: '99bcf725b190075709e4684f6ea787e3') in 0.014844 seconds 
  Import took 0.021071 seconds .

========================================================================
Received Import Request.
  Time since last request: 0.000260 seconds.
  path: Assets/Tilesets/Dungeon 1/Dungeon 1 Tiles_52.asset
  artifactKey: Guid(a977c3d7a78bea94097dc9e5bb4a6c45) Importer(815301076,1909f56bfc062723c751e8b465ee728b)
Start importing Assets/Tilesets/Dungeon 1/Dungeon 1 Tiles_52.asset using Guid(a977c3d7a78bea94097dc9e5bb4a6c45) Importer(815301076,1909f56bfc062723c751e8b465ee728b)  -> (artifact id: '75dd877f6087fc826a5d155d79921f7e') in 0.014484 seconds 
  Import took 0.019822 seconds .

========================================================================
Received Import Request.
  Time since last request: 0.000273 seconds.
  path: Assets/Tilesets/Dungeon 1/Dungeon 1 Tiles_22.asset
  artifactKey: Guid(7a100d0cd1c78b444b24681ac35d53df) Importer(815301076,1909f56bfc062723c751e8b465ee728b)
Start importing Assets/Tilesets/Dungeon 1/Dungeon 1 Tiles_22.asset using Guid(7a100d0cd1c78b444b24681ac35d53df) Importer(815301076,1909f56bfc062723c751e8b465ee728b)  -> (artifact id: 'f1789268a94b7d99a84d8777e9eaef24') in 0.015897 seconds 
  Import took 0.023265 seconds .

========================================================================
Received Import Request.
  Time since last request: 0.000274 seconds.
  path: Assets/Tilesets/Dungeon 1/Dungeon 1 Tiles_30.asset
  artifactKey: Guid(6c716299013310b4d9f5df126729f32a) Importer(815301076,1909f56bfc062723c751e8b465ee728b)
Start importing Assets/Tilesets/Dungeon 1/Dungeon 1 Tiles_30.asset using Guid(6c716299013310b4d9f5df126729f32a) Importer(815301076,1909f56bfc062723c751e8b465ee728b)  -> (artifact id: '3d0a4be054de7dbd5b00045015f13be2') in 0.014357 seconds 
  Import took 0.020289 seconds .

========================================================================
Received Import Request.
  Time since last request: 0.000229 seconds.
  path: Assets/Tilesets/Dungeon 1/Dungeon 1 Tiles_57.asset
  artifactKey: Guid(ec353ff2fa529b243bfbdd4e95b4c2a7) Importer(815301076,1909f56bfc062723c751e8b465ee728b)
Start importing Assets/Tilesets/Dungeon 1/Dungeon 1 Tiles_57.asset using Guid(ec353ff2fa529b243bfbdd4e95b4c2a7) Importer(815301076,1909f56bfc062723c751e8b465ee728b)  -> (artifact id: '8943c2bae2af2f622a2a912c125dab02') in 0.013954 seconds 
  Import took 0.019294 seconds .

========================================================================
Received Import Request.
  Time since last request: 0.000554 seconds.
  path: Assets/Tilesets/Dungeon 1/Dungeon 1 Tiles_1.asset
  artifactKey: Guid(6f2d90f14469d7d43b71e16dc8be4f6b) Importer(815301076,1909f56bfc062723c751e8b465ee728b)
Start importing Assets/Tilesets/Dungeon 1/Dungeon 1 Tiles_1.asset using Guid(6f2d90f14469d7d43b71e16dc8be4f6b) Importer(815301076,1909f56bfc062723c751e8b465ee728b)  -> (artifact id: '091bca8366515f158b62e3374b25aa78') in 0.013784 seconds 
  Import took 0.020210 seconds .

========================================================================
Received Import Request.
  Time since last request: 0.000347 seconds.
  path: Assets/Tilesets/Dungeon 1/Dungeon 1 Tiles_11.asset
  artifactKey: Guid(90f429c1ca859a54e8e68110c5ab0b8b) Importer(815301076,1909f56bfc062723c751e8b465ee728b)
Start importing Assets/Tilesets/Dungeon 1/Dungeon 1 Tiles_11.asset using Guid(90f429c1ca859a54e8e68110c5ab0b8b) Importer(815301076,1909f56bfc062723c751e8b465ee728b)  -> (artifact id: 'b1fa7dc2e57ff0510be65cb565c59009') in 0.016491 seconds 
  Import took 0.021089 seconds .

========================================================================
Received Import Request.
  Time since last request: 0.000470 seconds.
  path: Assets/Tilesets/Dungeon 1/Dungeon 1 Tiles_61.asset
  artifactKey: Guid(8541d6b2206a9df4bbb624fd641cfe48) Importer(815301076,1909f56bfc062723c751e8b465ee728b)
Start importing Assets/Tilesets/Dungeon 1/Dungeon 1 Tiles_61.asset using Guid(8541d6b2206a9df4bbb624fd641cfe48) Importer(815301076,1909f56bfc062723c751e8b465ee728b)  -> (artifact id: '1747c1d883eff85a13b59e4edb1359cb') in 0.013109 seconds 
  Import took 0.019805 seconds .

========================================================================
Received Import Request.
  Time since last request: 0.000364 seconds.
  path: Assets/Tilesets/Dungeon 1/Dungeon 1 Tiles_63.asset
  artifactKey: Guid(fec93e589390ee44a995129242aed563) Importer(815301076,1909f56bfc062723c751e8b465ee728b)
Start importing Assets/Tilesets/Dungeon 1/Dungeon 1 Tiles_63.asset using Guid(fec93e589390ee44a995129242aed563) Importer(815301076,1909f56bfc062723c751e8b465ee728b)  -> (artifact id: 'e65d0bd00b1504a26aa24189d1d16b8c') in 0.014365 seconds 
  Import took 0.019745 seconds .

========================================================================
Received Import Request.
  Time since last request: 0.000409 seconds.
  path: Assets/Tilesets/Dungeon 1/Dungeon 1 Tiles_43.asset
  artifactKey: Guid(2f80da12b4635af47af73afd00f3a541) Importer(815301076,1909f56bfc062723c751e8b465ee728b)
Start importing Assets/Tilesets/Dungeon 1/Dungeon 1 Tiles_43.asset using Guid(2f80da12b4635af47af73afd00f3a541) Importer(815301076,1909f56bfc062723c751e8b465ee728b)  -> (artifact id: '990f8cefb553b62e319836921c61132f') in 0.016096 seconds 
  Import took 0.021695 seconds .

========================================================================
Received Import Request.
  Time since last request: 0.000338 seconds.
  path: Assets/Tilesets/Dungeon 1/Dungeon 1 Tiles_0.asset
  artifactKey: Guid(8a819b79d0493874a9f4e216ee1317b3) Importer(815301076,1909f56bfc062723c751e8b465ee728b)
Start importing Assets/Tilesets/Dungeon 1/Dungeon 1 Tiles_0.asset using Guid(8a819b79d0493874a9f4e216ee1317b3) Importer(815301076,1909f56bfc062723c751e8b465ee728b)  -> (artifact id: 'ec75831c3c39aaaa0b9e11ed8b69e514') in 0.012576 seconds 
  Import took 0.019703 seconds .

========================================================================
Received Import Request.
  Time since last request: 0.000351 seconds.
  path: Assets/Tilesets/Dungeon 1/Dungeon 1 Tiles_27.asset
  artifactKey: Guid(100aeb33955ca564e862196281124b98) Importer(815301076,1909f56bfc062723c751e8b465ee728b)
Start importing Assets/Tilesets/Dungeon 1/Dungeon 1 Tiles_27.asset using Guid(100aeb33955ca564e862196281124b98) Importer(815301076,1909f56bfc062723c751e8b465ee728b)  -> (artifact id: 'a334c2cc30a9043f00fa98be52e517a1') in 0.014076 seconds 
  Import took 0.019291 seconds .

========================================================================
Received Import Request.
  Time since last request: 0.000249 seconds.
  path: Assets/Tilesets/Dungeon 1/Dungeon 1 Tiles_37.asset
  artifactKey: Guid(757b26872fc721c448b0b84fee734e7c) Importer(815301076,1909f56bfc062723c751e8b465ee728b)
Start importing Assets/Tilesets/Dungeon 1/Dungeon 1 Tiles_37.asset using Guid(757b26872fc721c448b0b84fee734e7c) Importer(815301076,1909f56bfc062723c751e8b465ee728b)  -> (artifact id: 'fe0016712d4fb47ab74c941872daa386') in 0.014662 seconds 
  Import took 0.019479 seconds .

========================================================================
Received Import Request.
  Time since last request: 0.000238 seconds.
  path: Assets/Tilesets/Dungeon 1/Dungeon 1 Tiles_49.asset
  artifactKey: Guid(5a086fcd10030bc4dabff9665d5bf60e) Importer(815301076,1909f56bfc062723c751e8b465ee728b)
Start importing Assets/Tilesets/Dungeon 1/Dungeon 1 Tiles_49.asset using Guid(5a086fcd10030bc4dabff9665d5bf60e) Importer(815301076,1909f56bfc062723c751e8b465ee728b)  -> (artifact id: '707986181fdea28c0b8f855294bc2368') in 0.015932 seconds 
  Import took 0.021719 seconds .

========================================================================
Received Import Request.
  Time since last request: 0.000621 seconds.
  path: Assets/Tilesets/Dungeon 1/Dungeon 1 Tiles_55.asset
  artifactKey: Guid(b86b97865d5516f42ba07f4b4aba51de) Importer(815301076,1909f56bfc062723c751e8b465ee728b)
Start importing Assets/Tilesets/Dungeon 1/Dungeon 1 Tiles_55.asset using Guid(b86b97865d5516f42ba07f4b4aba51de) Importer(815301076,1909f56bfc062723c751e8b465ee728b)  -> (artifact id: 'b0df1e6113c47ba781763b36222db337') in 0.013523 seconds 
  Import took 0.018308 seconds .

========================================================================
Received Import Request.
  Time since last request: 0.000335 seconds.
  path: Assets/Tilesets/Dungeon 1/Dungeon 1 Tiles_38.asset
  artifactKey: Guid(8a7aa112b4b5e2c4b91cda212532631a) Importer(815301076,1909f56bfc062723c751e8b465ee728b)
Start importing Assets/Tilesets/Dungeon 1/Dungeon 1 Tiles_38.asset using Guid(8a7aa112b4b5e2c4b91cda212532631a) Importer(815301076,1909f56bfc062723c751e8b465ee728b)  -> (artifact id: 'a261c6fedcf7766ddd734eaf655dd07b') in 0.015976 seconds 
  Import took 0.023495 seconds .

========================================================================
Received Import Request.
  Time since last request: 0.000371 seconds.
  path: Assets/Tilesets/Dungeon 1/Dungeon 1 Tiles_58.asset
  artifactKey: Guid(1b44033ddae2f564da16c8365f971a41) Importer(815301076,1909f56bfc062723c751e8b465ee728b)
Start importing Assets/Tilesets/Dungeon 1/Dungeon 1 Tiles_58.asset using Guid(1b44033ddae2f564da16c8365f971a41) Importer(815301076,1909f56bfc062723c751e8b465ee728b)  -> (artifact id: '130ed9ab9198b0cabcc952009a5a4a30') in 0.016471 seconds 
  Import took 0.022266 seconds .

========================================================================
Received Import Request.
  Time since last request: 0.000260 seconds.
  path: Assets/Tilesets/Dungeon 1/Dungeon 1 Tiles_33.asset
  artifactKey: Guid(77afe66407d750144a91101d4879eab4) Importer(815301076,1909f56bfc062723c751e8b465ee728b)
Start importing Assets/Tilesets/Dungeon 1/Dungeon 1 Tiles_33.asset using Guid(77afe66407d750144a91101d4879eab4) Importer(815301076,1909f56bfc062723c751e8b465ee728b)  -> (artifact id: 'ec24ed1f99b721150abb5154508178bd') in 0.015790 seconds 
  Import took 0.021400 seconds .

========================================================================
Received Import Request.
  Time since last request: 0.000353 seconds.
  path: Assets/Tilesets/Dungeon 1
  artifactKey: Guid(841e4010af03bfc4b9a9e823031e74b5) Importer(815301076,1909f56bfc062723c751e8b465ee728b)
Start importing Assets/Tilesets/Dungeon 1 using Guid(841e4010af03bfc4b9a9e823031e74b5) Importer(815301076,1909f56bfc062723c751e8b465ee728b)  -> (artifact id: '7522355493f4c9692292fbed3db2ff8d') in 0.003555 seconds 
  Import took 0.009136 seconds .

========================================================================
Received Import Request.
  Time since last request: 0.000340 seconds.
  path: Assets/Tilesets/Dungeon 1/Dungeon 1 Tiles_5.asset
  artifactKey: Guid(74510d6b22963f24ea0ff150b7800d45) Importer(815301076,1909f56bfc062723c751e8b465ee728b)
Start importing Assets/Tilesets/Dungeon 1/Dungeon 1 Tiles_5.asset using Guid(74510d6b22963f24ea0ff150b7800d45) Importer(815301076,1909f56bfc062723c751e8b465ee728b)  -> (artifact id: '95e462d7edaa30677f3f783909e11340') in 0.013812 seconds 
  Import took 0.019804 seconds .

========================================================================
Received Import Request.
  Time since last request: 0.000336 seconds.
  path: Assets/Tilesets/Dungeon 1/Dungeon 1 Tiles_12.asset
  artifactKey: Guid(1cc6e573010d09e4d9f207a8195aa5a9) Importer(815301076,1909f56bfc062723c751e8b465ee728b)
Start importing Assets/Tilesets/Dungeon 1/Dungeon 1 Tiles_12.asset using Guid(1cc6e573010d09e4d9f207a8195aa5a9) Importer(815301076,1909f56bfc062723c751e8b465ee728b)  -> (artifact id: '1e6f1f0c1dfdd9aa85251e7decb7fcfb') in 0.014555 seconds 
  Import took 0.021084 seconds .

========================================================================
Received Import Request.
  Time since last request: 0.000575 seconds.
  path: Assets/Tilesets/Dungeon 1/Dungeon 1 Tiles_2.asset
  artifactKey: Guid(09ebed37a1206234e8cbe26b7f27f911) Importer(815301076,1909f56bfc062723c751e8b465ee728b)
Start importing Assets/Tilesets/Dungeon 1/Dungeon 1 Tiles_2.asset using Guid(09ebed37a1206234e8cbe26b7f27f911) Importer(815301076,1909f56bfc062723c751e8b465ee728b)  -> (artifact id: '7b49de80ae2b175d091f509c133a55ed') in 0.013519 seconds 
  Import took 0.019155 seconds .

========================================================================
Received Import Request.
  Time since last request: 0.000401 seconds.
  path: Assets/Tilesets/Dungeon 1/Dungeon 1 Tiles_40.asset
  artifactKey: Guid(10e05cad04751c941b33e47456162a5c) Importer(815301076,1909f56bfc062723c751e8b465ee728b)
Start importing Assets/Tilesets/Dungeon 1/Dungeon 1 Tiles_40.asset using Guid(10e05cad04751c941b33e47456162a5c) Importer(815301076,1909f56bfc062723c751e8b465ee728b)  -> (artifact id: '990c4c9779814eed33fb570282be304f') in 0.016325 seconds 
  Import took 0.021769 seconds .

========================================================================
Received Import Request.
  Time since last request: 0.000261 seconds.
  path: Assets/Tilesets/Dungeon 1/Dungeon 1 Tiles_35.asset
  artifactKey: Guid(82465341ec856f1469ff1759abac8ec7) Importer(815301076,1909f56bfc062723c751e8b465ee728b)
Start importing Assets/Tilesets/Dungeon 1/Dungeon 1 Tiles_35.asset using Guid(82465341ec856f1469ff1759abac8ec7) Importer(815301076,1909f56bfc062723c751e8b465ee728b)  -> (artifact id: '5e92495e37594b81c67c7b1aac5e9ffa') in 0.015312 seconds 
  Import took 0.019450 seconds .

========================================================================
Received Import Request.
  Time since last request: 0.000312 seconds.
  path: Assets/Tilesets/Dungeon 1/Dungeon 1 Tiles_39.asset
  artifactKey: Guid(fc29853a8cb50d5498b9dbf7d0cbe3a7) Importer(815301076,1909f56bfc062723c751e8b465ee728b)
Start importing Assets/Tilesets/Dungeon 1/Dungeon 1 Tiles_39.asset using Guid(fc29853a8cb50d5498b9dbf7d0cbe3a7) Importer(815301076,1909f56bfc062723c751e8b465ee728b)  -> (artifact id: '4f76888194ca8b991f079c42b4e83734') in 0.013551 seconds 
  Import took 0.021392 seconds .

========================================================================
Received Import Request.
  Time since last request: 0.000272 seconds.
  path: Assets/Tilesets/Dungeon 1/Dungeon 1 Tiles_15.asset
  artifactKey: Guid(87f88ed5b353d534d9501bfc74267a87) Importer(815301076,1909f56bfc062723c751e8b465ee728b)
Start importing Assets/Tilesets/Dungeon 1/Dungeon 1 Tiles_15.asset using Guid(87f88ed5b353d534d9501bfc74267a87) Importer(815301076,1909f56bfc062723c751e8b465ee728b)  -> (artifact id: 'a4e17d3e9392d3a6d3c4145f3e8d5151') in 0.014000 seconds 
  Import took 0.019146 seconds .

========================================================================
Received Import Request.
  Time since last request: 0.000260 seconds.
  path: Assets/Tilesets/Dungeon 1/Dungeon 1 Tiles_16.asset
  artifactKey: Guid(8649a5346adecda4eb1e7853a8239200) Importer(815301076,1909f56bfc062723c751e8b465ee728b)
Start importing Assets/Tilesets/Dungeon 1/Dungeon 1 Tiles_16.asset using Guid(8649a5346adecda4eb1e7853a8239200) Importer(815301076,1909f56bfc062723c751e8b465ee728b)  -> (artifact id: '1177fc4d993663d8b1478fb7be91eb48') in 0.013869 seconds 
  Import took 0.019871 seconds .

========================================================================
Received Import Request.
  Time since last request: 0.000364 seconds.
  path: Assets/Tilesets/Dungeon 1/Dungeon 1 Tiles_36.asset
  artifactKey: Guid(0ef760e395719ef4dbe31d51758564e9) Importer(815301076,1909f56bfc062723c751e8b465ee728b)
Start importing Assets/Tilesets/Dungeon 1/Dungeon 1 Tiles_36.asset using Guid(0ef760e395719ef4dbe31d51758564e9) Importer(815301076,1909f56bfc062723c751e8b465ee728b)  -> (artifact id: 'c1cd8a10f8f63a5949db57c0947b97d1') in 0.013632 seconds 
  Import took 0.019560 seconds .

========================================================================
Received Import Request.
  Time since last request: 0.000736 seconds.
  path: Assets/Tilesets/Dungeon 1/Dungeon 1 Tiles_18.asset
  artifactKey: Guid(7613b2b2f0c325c41b6e5bcb649454b7) Importer(815301076,1909f56bfc062723c751e8b465ee728b)
Start importing Assets/Tilesets/Dungeon 1/Dungeon 1 Tiles_18.asset using Guid(7613b2b2f0c325c41b6e5bcb649454b7) Importer(815301076,1909f56bfc062723c751e8b465ee728b)  -> (artifact id: 'c13a3a33446eefdb46fa491b4f5360c3') in 0.013759 seconds 
  Import took 0.019371 seconds .

========================================================================
Received Import Request.
  Time since last request: 0.000441 seconds.
  path: Assets/Tilesets/Dungeon 1/Dungeon 1 Tiles_10.asset
  artifactKey: Guid(45996fb7ccbaf1d4b8b55d8d6ccd1a83) Importer(815301076,1909f56bfc062723c751e8b465ee728b)
Start importing Assets/Tilesets/Dungeon 1/Dungeon 1 Tiles_10.asset using Guid(45996fb7ccbaf1d4b8b55d8d6ccd1a83) Importer(815301076,1909f56bfc062723c751e8b465ee728b)  -> (artifact id: '58bf3b598b97fd4eb0efdf4177176faa') in 0.013281 seconds 
  Import took 0.019657 seconds .

========================================================================
Received Import Request.
  Time since last request: 0.000657 seconds.
  path: Assets/Tilesets/Dungeon 1/Dungeon 1 Tiles_25.asset
  artifactKey: Guid(f5db53390295acd4e86f5df55b6dff82) Importer(815301076,1909f56bfc062723c751e8b465ee728b)
Start importing Assets/Tilesets/Dungeon 1/Dungeon 1 Tiles_25.asset using Guid(f5db53390295acd4e86f5df55b6dff82) Importer(815301076,1909f56bfc062723c751e8b465ee728b)  -> (artifact id: '57dce8c061bb975284ccffb3270af6a7') in 0.014150 seconds 
  Import took 0.018127 seconds .

========================================================================
Received Import Request.
  Time since last request: 0.000648 seconds.
  path: Assets/Tilesets/Dungeon 1/Dungeon 1 Tiles_4.asset
  artifactKey: Guid(6bbcce78fe6e23a46802ec33387a5219) Importer(815301076,1909f56bfc062723c751e8b465ee728b)
Start importing Assets/Tilesets/Dungeon 1/Dungeon 1 Tiles_4.asset using Guid(6bbcce78fe6e23a46802ec33387a5219) Importer(815301076,1909f56bfc062723c751e8b465ee728b)  -> (artifact id: '640bbfe4ae62ed16ff46a7239884860e') in 0.014694 seconds 
  Import took 0.020857 seconds .

========================================================================
Received Import Request.
  Time since last request: 0.000577 seconds.
  path: Assets/Tilesets/Dungeon 1/Dungeon 1 Tiles_24.asset
  artifactKey: Guid(ad1987838ff40bc4388633dcf87f58cc) Importer(815301076,1909f56bfc062723c751e8b465ee728b)
Start importing Assets/Tilesets/Dungeon 1/Dungeon 1 Tiles_24.asset using Guid(ad1987838ff40bc4388633dcf87f58cc) Importer(815301076,1909f56bfc062723c751e8b465ee728b)  -> (artifact id: '8c8ed44632a47046369745ec15002277') in 0.014522 seconds 
  Import took 0.020737 seconds .

========================================================================
Received Import Request.
  Time since last request: 0.000449 seconds.
  path: Assets/Tilesets/Dungeon 1/Dungeon 1 Tiles_7.asset
  artifactKey: Guid(ff3729a90906bfc4ca7d9e4740997e1a) Importer(815301076,1909f56bfc062723c751e8b465ee728b)
Start importing Assets/Tilesets/Dungeon 1/Dungeon 1 Tiles_7.asset using Guid(ff3729a90906bfc4ca7d9e4740997e1a) Importer(815301076,1909f56bfc062723c751e8b465ee728b)  -> (artifact id: '1a409e65cd0149a202ba622c44c95584') in 0.013923 seconds 
  Import took 0.020127 seconds .

========================================================================
Received Import Request.
  Time since last request: 0.000348 seconds.
  path: Assets/Tilesets/Dungeon 1/Dungeon 1 Tiles_45.asset
  artifactKey: Guid(efe0135dff8a5fe4ebfc397932b18cf4) Importer(815301076,1909f56bfc062723c751e8b465ee728b)
Start importing Assets/Tilesets/Dungeon 1/Dungeon 1 Tiles_45.asset using Guid(efe0135dff8a5fe4ebfc397932b18cf4) Importer(815301076,1909f56bfc062723c751e8b465ee728b)  -> (artifact id: '330917a64075d68deee5450e3fcec0b7') in 0.014060 seconds 
  Import took 0.021504 seconds .

========================================================================
Received Import Request.
  Time since last request: 0.000290 seconds.
  path: Assets/Tilesets/Dungeon 1/Dungeon 1 Tiles_47.asset
  artifactKey: Guid(23ec3060d5bacb14496911bcd0e18e4a) Importer(815301076,1909f56bfc062723c751e8b465ee728b)
Start importing Assets/Tilesets/Dungeon 1/Dungeon 1 Tiles_47.asset using Guid(23ec3060d5bacb14496911bcd0e18e4a) Importer(815301076,1909f56bfc062723c751e8b465ee728b)  -> (artifact id: '51f016b29de6e1355960855485f8b482') in 0.016888 seconds 
  Import took 0.022163 seconds .

========================================================================
Received Import Request.
  Time since last request: 0.000696 seconds.
  path: Assets/Tilesets/Dungeon 1/Dungeon 1 Tiles_9.asset
  artifactKey: Guid(ff8668cdd182dae46a354eaa37ecd6ef) Importer(815301076,1909f56bfc062723c751e8b465ee728b)
Start importing Assets/Tilesets/Dungeon 1/Dungeon 1 Tiles_9.asset using Guid(ff8668cdd182dae46a354eaa37ecd6ef) Importer(815301076,1909f56bfc062723c751e8b465ee728b)  -> (artifact id: 'c8848adbb3cf989a777bdc3c21b81895') in 0.012650 seconds 
  Import took 0.020327 seconds .

========================================================================
Received Import Request.
  Time since last request: 0.000269 seconds.
  path: Assets/Tilesets/Dungeon 1/Dungeon 1 Tiles_54.asset
  artifactKey: Guid(b85dad6e0caf7a749a4d3c50f5f7ec9a) Importer(815301076,1909f56bfc062723c751e8b465ee728b)
Start importing Assets/Tilesets/Dungeon 1/Dungeon 1 Tiles_54.asset using Guid(b85dad6e0caf7a749a4d3c50f5f7ec9a) Importer(815301076,1909f56bfc062723c751e8b465ee728b)  -> (artifact id: '4d9859c2c6ff7d885cf1a3dad20d57a0') in 0.016327 seconds 
  Import took 0.022328 seconds .

========================================================================
Received Import Request.
  Time since last request: 0.000240 seconds.
  path: Assets/Tilesets/Dungeon 1/Dungeon 1 Tiles_51.asset
  artifactKey: Guid(342a74bb9115d944ab657cdc18d111f0) Importer(815301076,1909f56bfc062723c751e8b465ee728b)
Start importing Assets/Tilesets/Dungeon 1/Dungeon 1 Tiles_51.asset using Guid(342a74bb9115d944ab657cdc18d111f0) Importer(815301076,1909f56bfc062723c751e8b465ee728b)  -> (artifact id: '735c6b87243e54f0ede969e2ecdc8cd6') in 0.014336 seconds 
  Import took 0.021133 seconds .

========================================================================
Received Import Request.
  Time since last request: 0.000232 seconds.
  path: Assets/Tilesets/Dungeon 1/Dungeon 1 Tiles_28.asset
  artifactKey: Guid(6841627334a5a6e4a93293e5d61479c9) Importer(815301076,1909f56bfc062723c751e8b465ee728b)
Start importing Assets/Tilesets/Dungeon 1/Dungeon 1 Tiles_28.asset using Guid(6841627334a5a6e4a93293e5d61479c9) Importer(815301076,1909f56bfc062723c751e8b465ee728b)  -> (artifact id: 'da4dff09ce67a0dbfe95f79b1fbc0659') in 0.013573 seconds 
  Import took 0.020572 seconds .

========================================================================
Received Import Request.
  Time since last request: 0.000258 seconds.
  path: Assets/Tilesets/Dungeon 1/Dungeon 1 Tiles_26.asset
  artifactKey: Guid(8e0870b807338454089d551b1851ee07) Importer(815301076,1909f56bfc062723c751e8b465ee728b)
Start importing Assets/Tilesets/Dungeon 1/Dungeon 1 Tiles_26.asset using Guid(8e0870b807338454089d551b1851ee07) Importer(815301076,1909f56bfc062723c751e8b465ee728b)  -> (artifact id: '645800bd69b0b5e033f897d3fd275182') in 0.014089 seconds 
  Import took 0.018727 seconds .

========================================================================
Received Import Request.
  Time since last request: 0.000449 seconds.
  path: Assets/Tilesets/Dungeon 1/Dungeon 1 Tiles_56.asset
  artifactKey: Guid(d80660a86a3aa73498760484581e5cf9) Importer(815301076,1909f56bfc062723c751e8b465ee728b)
Start importing Assets/Tilesets/Dungeon 1/Dungeon 1 Tiles_56.asset using Guid(d80660a86a3aa73498760484581e5cf9) Importer(815301076,1909f56bfc062723c751e8b465ee728b)  -> (artifact id: '1f5e72b18b20909f3ec2721420398593') in 0.014843 seconds 
  Import took 0.020761 seconds .

========================================================================
Received Import Request.
  Time since last request: 0.000312 seconds.
  path: Assets/Tilesets/Dungeon 1/Dungeon 1 Tiles_8.asset
  artifactKey: Guid(6533973727514af489b87e774c0d4308) Importer(815301076,1909f56bfc062723c751e8b465ee728b)
Start importing Assets/Tilesets/Dungeon 1/Dungeon 1 Tiles_8.asset using Guid(6533973727514af489b87e774c0d4308) Importer(815301076,1909f56bfc062723c751e8b465ee728b)  -> (artifact id: '00bd3be5e7294093b7b3c820d8d9fba5') in 0.016492 seconds 
  Import took 0.021501 seconds .

========================================================================
Received Import Request.
  Time since last request: 0.000424 seconds.
  path: Assets/Tilesets/Dungeon 1/Dungeon 1 Tiles_53.asset
  artifactKey: Guid(a122cb25549b9f44490f984038680501) Importer(815301076,1909f56bfc062723c751e8b465ee728b)
Start importing Assets/Tilesets/Dungeon 1/Dungeon 1 Tiles_53.asset using Guid(a122cb25549b9f44490f984038680501) Importer(815301076,1909f56bfc062723c751e8b465ee728b)  -> (artifact id: 'fd540b874db244078f8873806f0ccffc') in 0.012926 seconds 
  Import took 0.019400 seconds .

========================================================================
Received Import Request.
  Time since last request: 0.000730 seconds.
  path: Assets/Tilesets/Dungeon 1/Dungeon 1 Tiles_32.asset
  artifactKey: Guid(2e1e6fd0e9e02ce429446459abb84ba4) Importer(815301076,1909f56bfc062723c751e8b465ee728b)
Start importing Assets/Tilesets/Dungeon 1/Dungeon 1 Tiles_32.asset using Guid(2e1e6fd0e9e02ce429446459abb84ba4) Importer(815301076,1909f56bfc062723c751e8b465ee728b)  -> (artifact id: '1026be6ede3ea97c940fa5c42c3ecd9b') in 0.012184 seconds 
  Import took 0.018816 seconds .

========================================================================
Received Import Request.
  Time since last request: 0.000277 seconds.
  path: Assets/Tilesets/Dungeon 1/Dungeon 1 Tiles_29.asset
  artifactKey: Guid(9c91ca5e421e94548a71bdb19e689b07) Importer(815301076,1909f56bfc062723c751e8b465ee728b)
Start importing Assets/Tilesets/Dungeon 1/Dungeon 1 Tiles_29.asset using Guid(9c91ca5e421e94548a71bdb19e689b07) Importer(815301076,1909f56bfc062723c751e8b465ee728b)  -> (artifact id: 'c0206c487407df9a04a87d095dfe0172') in 0.013137 seconds 
  Import took 0.018338 seconds .

========================================================================
Received Import Request.
  Time since last request: 0.000269 seconds.
  path: Assets/Tilesets/Dungeon 1/Dungeon 1 Tiles_62.asset
  artifactKey: Guid(f7ce259789bc0034196dbbbdd79c6b04) Importer(815301076,1909f56bfc062723c751e8b465ee728b)
Start importing Assets/Tilesets/Dungeon 1/Dungeon 1 Tiles_62.asset using Guid(f7ce259789bc0034196dbbbdd79c6b04) Importer(815301076,1909f56bfc062723c751e8b465ee728b)  -> (artifact id: '556079263a86b8ebe543e467e5480a7d') in 0.015917 seconds 
  Import took 0.021431 seconds .

========================================================================
Received Import Request.
  Time since last request: 0.000472 seconds.
  path: Assets/Tilesets/Dungeon 1/Dungeon 1 Tiles_3.asset
  artifactKey: Guid(33fc3340061184143bfeb4d385acb7f8) Importer(815301076,1909f56bfc062723c751e8b465ee728b)
Start importing Assets/Tilesets/Dungeon 1/Dungeon 1 Tiles_3.asset using Guid(33fc3340061184143bfeb4d385acb7f8) Importer(815301076,1909f56bfc062723c751e8b465ee728b)  -> (artifact id: 'cac756aff4ccb12eac8f479f5a9b40f2') in 0.013981 seconds 
  Import took 0.018968 seconds .

========================================================================
Received Import Request.
  Time since last request: 0.000525 seconds.
  path: Assets/Tilesets/Dungeon 1/Dungeon 1 Tiles_48.asset
  artifactKey: Guid(0fa3e366c661aae4f838bd611a7ee618) Importer(815301076,1909f56bfc062723c751e8b465ee728b)
Start importing Assets/Tilesets/Dungeon 1/Dungeon 1 Tiles_48.asset using Guid(0fa3e366c661aae4f838bd611a7ee618) Importer(815301076,1909f56bfc062723c751e8b465ee728b)  -> (artifact id: '0613df0e914ba3ab966c1119d6fdeb68') in 0.013530 seconds 
  Import took 0.019936 seconds .

========================================================================
Received Import Request.
  Time since last request: 0.000249 seconds.
  path: Assets/Tilesets/Dungeon 1/Dungeon 1 Tiles_44.asset
  artifactKey: Guid(744aeeea3a0bef34c9146bf42e2533e5) Importer(815301076,1909f56bfc062723c751e8b465ee728b)
Start importing Assets/Tilesets/Dungeon 1/Dungeon 1 Tiles_44.asset using Guid(744aeeea3a0bef34c9146bf42e2533e5) Importer(815301076,1909f56bfc062723c751e8b465ee728b)  -> (artifact id: 'bd76895de5b740ff4f3637bb68b7a22b') in 0.015457 seconds 
  Import took 0.022084 seconds .

========================================================================
Received Import Request.
  Time since last request: 0.000565 seconds.
  path: Assets/Tilesets/Dungeon 1/Dungeon 1 Tiles_34.asset
  artifactKey: Guid(929818910d3130b43ac6d1d3bdb47df3) Importer(815301076,1909f56bfc062723c751e8b465ee728b)
Start importing Assets/Tilesets/Dungeon 1/Dungeon 1 Tiles_34.asset using Guid(929818910d3130b43ac6d1d3bdb47df3) Importer(815301076,1909f56bfc062723c751e8b465ee728b)  -> (artifact id: '6282aea210fef48dcc717dc272a65045') in 0.013877 seconds 
  Import took 0.018200 seconds .

========================================================================
Received Import Request.
  Time since last request: 0.000401 seconds.
  path: Assets/Tilesets/Dungeon 1/Dungeon 1 Tiles_17.asset
  artifactKey: Guid(da1b53456166ea545b3871b7d433a8f0) Importer(815301076,1909f56bfc062723c751e8b465ee728b)
Start importing Assets/Tilesets/Dungeon 1/Dungeon 1 Tiles_17.asset using Guid(da1b53456166ea545b3871b7d433a8f0) Importer(815301076,1909f56bfc062723c751e8b465ee728b)  -> (artifact id: 'df106c2b741296abf3dc84c56863a4aa') in 0.015017 seconds 
  Import took 0.019206 seconds .

========================================================================
Received Import Request.
  Time since last request: 0.000645 seconds.
  path: Assets/Tilesets/Dungeon 1/Dungeon 1 Tiles_19.asset
  artifactKey: Guid(bf5e55f9be5916c418441ce5b6911d37) Importer(815301076,1909f56bfc062723c751e8b465ee728b)
Start importing Assets/Tilesets/Dungeon 1/Dungeon 1 Tiles_19.asset using Guid(bf5e55f9be5916c418441ce5b6911d37) Importer(815301076,1909f56bfc062723c751e8b465ee728b)  -> (artifact id: 'a5b53e4c9f741b191f95ea7818869c88') in 0.012144 seconds 
  Import took 0.019219 seconds .

========================================================================
Received Import Request.
  Time since last request: 0.000774 seconds.
  path: Assets/Tilesets/Dungeon 1/Dungeon 1 Tiles_59.asset
  artifactKey: Guid(c2af53309d963e341acd1b893e5a9170) Importer(815301076,1909f56bfc062723c751e8b465ee728b)
Start importing Assets/Tilesets/Dungeon 1/Dungeon 1 Tiles_59.asset using Guid(c2af53309d963e341acd1b893e5a9170) Importer(815301076,1909f56bfc062723c751e8b465ee728b)  -> (artifact id: 'eededb5c8c7556ddeafa185c49c377b1') in 0.014725 seconds 
  Import took 0.019970 seconds .

========================================================================
Received Import Request.
  Time since last request: 0.000451 seconds.
  path: Assets/Tilesets/Dungeon 1/Dungeon 1 Tiles_31.asset
  artifactKey: Guid(69f50deb3c0a50e48ae3cd230c88aa06) Importer(815301076,1909f56bfc062723c751e8b465ee728b)
Start importing Assets/Tilesets/Dungeon 1/Dungeon 1 Tiles_31.asset using Guid(69f50deb3c0a50e48ae3cd230c88aa06) Importer(815301076,1909f56bfc062723c751e8b465ee728b)  -> (artifact id: '1460f7a17c770240d19326ab22b3a12d') in 0.015022 seconds 
  Import took 0.020513 seconds .

========================================================================
Received Import Request.
  Time since last request: 0.000338 seconds.
  path: Assets/Tilesets/Dungeon 1/Dungeon 1 Tiles_50.asset
  artifactKey: Guid(725590a8ac317124daf800ca59e0c04c) Importer(815301076,1909f56bfc062723c751e8b465ee728b)
Start importing Assets/Tilesets/Dungeon 1/Dungeon 1 Tiles_50.asset using Guid(725590a8ac317124daf800ca59e0c04c) Importer(815301076,1909f56bfc062723c751e8b465ee728b)  -> (artifact id: '46dc0549eb6546bdffc3a17605086eac') in 0.014765 seconds 
  Import took 0.020077 seconds .

========================================================================
Received Prepare
Registering precompiled user dll's ...
Registered in 0.003108 seconds.
Begin MonoManager ReloadAssembly
Native extension for WindowsStandalone target not found
Native extension for WebGL target not found
Refreshing native plugins compatible for Editor in 0.56 ms, found 3 plugins.
Preloading 0 native plugins for Editor in 0.00 ms.
Mono: successfully reloaded assembly
- Completed reload, in  0.945 seconds
Domain Reload Profiling:
	ReloadAssembly (945ms)
		BeginReloadAssembly (108ms)
			ExecutionOrderSort (0ms)
			DisableScriptedObjects (5ms)
			BackupInstance (0ms)
			ReleaseScriptingObjects (0ms)
			CreateAndSetChildDomain (42ms)
		EndReloadAssembly (782ms)
			LoadAssemblies (80ms)
			RebuildTransferFunctionScriptingTraits (0ms)
			SetupTypeCache (280ms)
			ReleaseScriptCaches (1ms)
			RebuildScriptCaches (42ms)
			SetupLoadedEditorAssemblies (282ms)
				LogAssemblyErrors (0ms)
				InitializePlatformSupportModulesInManaged (5ms)
				SetLoadedEditorAssemblies (0ms)
				RefreshPlugins (1ms)
				BeforeProcessingInitializeOnLoad (75ms)
				ProcessInitializeOnLoadAttributes (188ms)
				ProcessInitializeOnLoadMethodAttributes (11ms)
				AfterProcessingInitializeOnLoad (2ms)
				EditorAssembliesLoaded (0ms)
			ExecutionOrderSort2 (0ms)
			AwakeInstancesAfterBackupRestoration (9ms)
Platform modules already initialized, skipping
Refreshing native plugins compatible for Editor in 0.58 ms, found 3 plugins.
Preloading 0 native plugins for Editor in 0.00 ms.
Unloading 2193 Unused Serialized files (Serialized files now loaded: 0)
System memory in use before: 98.7 MB.
System memory in use after: 98.8 MB.

Unloading 17 unused Assets to reduce memory usage. Loaded Objects now: 2652.
Total: 3.706900 ms (FindLiveObjects: 0.348900 ms CreateObjectMapping: 0.058500 ms MarkObjects: 3.272800 ms  DeleteObjects: 0.024700 ms)

AssetImportParameters requested are different than current active one (requested -> active):
  custom:framework-win-MediaFoundation: 216162199b28c13a410421893ffa2e32 -> 
  custom:video-decoder-ogg-theora: a1e56fd34408186e4bbccfd4996cb3dc -> 
  custom:container-muxer-webm: aa71ff27fc2769a1b78a27578f13a17b -> 
  custom:container-demuxer-webm: 4f35f7cbe854078d1ac9338744f61a02 -> 
  custom:container-demuxer-ogg: 62fdf1f143b41e24485cea50d1cbac27 -> 
  custom:video-encoder-webm-vp8: eb34c28f22e8b96e1ab97ce403110664 -> 
  custom:video-decoder-webm-vp8: 9c59270c3fd7afecdb556c50c9e8de78 -> 
  custom:audio-decoder-ogg-vorbis: bf7c407c2cedff20999df2af8eb42d56 -> 
  custom:audio-encoder-webm-vorbis: bf7c407c2cedff20999df2af8eb42d56 -> 
========================================================================
Received Import Request.
  Time since last request: 146.127468 seconds.
  path: Assets/Prefabs/Effects/Bullet Impact Effect.prefab
  artifactKey: Guid(47dcd1e296c467c4aa37f67835a86852) Importer(815301076,1909f56bfc062723c751e8b465ee728b)
Start importing Assets/Prefabs/Effects/Bullet Impact Effect.prefab using Guid(47dcd1e296c467c4aa37f67835a86852) Importer(815301076,1909f56bfc062723c751e8b465ee728b)  -> (artifact id: 'ba082b2b8bd5fca34df9768b3784ce78') in 0.066429 seconds 
  Import took 0.072147 seconds .

========================================================================
Received Import Request.
  Time since last request: 5.153387 seconds.
  path: Assets/Prefabs/Effects/Bullet Impact Effect.prefab
  artifactKey: Guid(47dcd1e296c467c4aa37f67835a86852) Importer(815301076,1909f56bfc062723c751e8b465ee728b)
Start importing Assets/Prefabs/Effects/Bullet Impact Effect.prefab using Guid(47dcd1e296c467c4aa37f67835a86852) Importer(815301076,1909f56bfc062723c751e8b465ee728b)  -> (artifact id: 'd015d4901ce1f21d01ccb0aa874c59b1') in 0.012006 seconds 
  Import took 0.017317 seconds .

========================================================================
Received Import Request.
  Time since last request: 60.526902 seconds.
  path: Assets/Scripts/PlayerController.cs
  artifactKey: Guid(d8dec98e3210629469ed112cbc782afc) Importer(815301076,1909f56bfc062723c751e8b465ee728b)
Start importing Assets/Scripts/PlayerController.cs using Guid(d8dec98e3210629469ed112cbc782afc) Importer(815301076,1909f56bfc062723c751e8b465ee728b)  -> (artifact id: 'c80d677d08200adfa85ac6f1c49310dd') in 0.011928 seconds 
  Import took 0.017815 seconds .

========================================================================
Received Import Request.
  Time since last request: 2.814492 seconds.
  path: Assets/Scripts/PlayerHealthController.cs
  artifactKey: Guid(1326990e2dd4e814392863b4bf9f44a7) Importer(815301076,1909f56bfc062723c751e8b465ee728b)
Start importing Assets/Scripts/PlayerHealthController.cs using Guid(1326990e2dd4e814392863b4bf9f44a7) Importer(815301076,1909f56bfc062723c751e8b465ee728b)  -> (artifact id: '3ac3a7abb3d232da4ddc352d9f9d1042') in 0.008362 seconds 
  Import took 0.014754 seconds .

========================================================================
Received Import Request.
  Time since last request: 3.902160 seconds.
  path: Assets/Scripts/PlayerBullet.cs
  artifactKey: Guid(89e630e4a92652a48b1094c3fb29f9a4) Importer(815301076,1909f56bfc062723c751e8b465ee728b)
Start importing Assets/Scripts/PlayerBullet.cs using Guid(89e630e4a92652a48b1094c3fb29f9a4) Importer(815301076,1909f56bfc062723c751e8b465ee728b)  -> (artifact id: '15baa054b98a53ae2931e284dccfb60c') in 0.008365 seconds 
  Import took 0.013775 seconds .

========================================================================
Received Prepare
Registering precompiled user dll's ...
Registered in 0.002765 seconds.
Begin MonoManager ReloadAssembly
Native extension for WindowsStandalone target not found
Native extension for WebGL target not found
Refreshing native plugins compatible for Editor in 0.72 ms, found 3 plugins.
Preloading 0 native plugins for Editor in 0.00 ms.
Mono: successfully reloaded assembly
- Completed reload, in  0.971 seconds
Domain Reload Profiling:
	ReloadAssembly (971ms)
		BeginReloadAssembly (122ms)
			ExecutionOrderSort (0ms)
			DisableScriptedObjects (5ms)
			BackupInstance (0ms)
			ReleaseScriptingObjects (0ms)
			CreateAndSetChildDomain (49ms)
		EndReloadAssembly (785ms)
			LoadAssemblies (94ms)
			RebuildTransferFunctionScriptingTraits (0ms)
			SetupTypeCache (285ms)
			ReleaseScriptCaches (1ms)
			RebuildScriptCaches (44ms)
			SetupLoadedEditorAssemblies (275ms)
				LogAssemblyErrors (0ms)
				InitializePlatformSupportModulesInManaged (6ms)
				SetLoadedEditorAssemblies (0ms)
				RefreshPlugins (1ms)
				BeforeProcessingInitializeOnLoad (74ms)
				ProcessInitializeOnLoadAttributes (181ms)
				ProcessInitializeOnLoadMethodAttributes (10ms)
				AfterProcessingInitializeOnLoad (2ms)
				EditorAssembliesLoaded (0ms)
			ExecutionOrderSort2 (0ms)
			AwakeInstancesAfterBackupRestoration (8ms)
Platform modules already initialized, skipping
Refreshing native plugins compatible for Editor in 1.09 ms, found 3 plugins.
Preloading 0 native plugins for Editor in 0.00 ms.
Unloading 2193 Unused Serialized files (Serialized files now loaded: 0)
System memory in use before: 98.9 MB.
System memory in use after: 99.0 MB.

Unloading 17 unused Assets to reduce memory usage. Loaded Objects now: 2655.
Total: 3.708500 ms (FindLiveObjects: 0.384200 ms CreateObjectMapping: 0.060200 ms MarkObjects: 3.225700 ms  DeleteObjects: 0.033800 ms)

AssetImportParameters requested are different than current active one (requested -> active):
  custom:framework-win-MediaFoundation: 216162199b28c13a410421893ffa2e32 -> 
  custom:video-decoder-ogg-theora: a1e56fd34408186e4bbccfd4996cb3dc -> 
  custom:container-muxer-webm: aa71ff27fc2769a1b78a27578f13a17b -> 
  custom:container-demuxer-webm: 4f35f7cbe854078d1ac9338744f61a02 -> 
  custom:container-demuxer-ogg: 62fdf1f143b41e24485cea50d1cbac27 -> 
  custom:video-encoder-webm-vp8: eb34c28f22e8b96e1ab97ce403110664 -> 
  custom:video-decoder-webm-vp8: 9c59270c3fd7afecdb556c50c9e8de78 -> 
  custom:audio-decoder-ogg-vorbis: bf7c407c2cedff20999df2af8eb42d56 -> 
  custom:audio-encoder-webm-vorbis: bf7c407c2cedff20999df2af8eb42d56 -> 
========================================================================
Received Prepare
Registering precompiled user dll's ...
Registered in 0.003167 seconds.
Begin MonoManager ReloadAssembly
Native extension for WindowsStandalone target not found
Native extension for WebGL target not found
Refreshing native plugins compatible for Editor in 1.03 ms, found 3 plugins.
Preloading 0 native plugins for Editor in 0.00 ms.
Mono: successfully reloaded assembly
- Completed reload, in  1.268 seconds
Domain Reload Profiling:
	ReloadAssembly (1268ms)
		BeginReloadAssembly (101ms)
			ExecutionOrderSort (0ms)
			DisableScriptedObjects (5ms)
			BackupInstance (0ms)
			ReleaseScriptingObjects (0ms)
			CreateAndSetChildDomain (38ms)
		EndReloadAssembly (1102ms)
			LoadAssemblies (149ms)
			RebuildTransferFunctionScriptingTraits (0ms)
			SetupTypeCache (390ms)
			ReleaseScriptCaches (2ms)
			RebuildScriptCaches (54ms)
			SetupLoadedEditorAssemblies (378ms)
				LogAssemblyErrors (0ms)
				InitializePlatformSupportModulesInManaged (6ms)
				SetLoadedEditorAssemblies (1ms)
				RefreshPlugins (1ms)
				BeforeProcessingInitializeOnLoad (98ms)
				ProcessInitializeOnLoadAttributes (254ms)
				ProcessInitializeOnLoadMethodAttributes (13ms)
				AfterProcessingInitializeOnLoad (3ms)
				EditorAssembliesLoaded (0ms)
			ExecutionOrderSort2 (0ms)
			AwakeInstancesAfterBackupRestoration (10ms)
Platform modules already initialized, skipping
Refreshing native plugins compatible for Editor in 1.10 ms, found 3 plugins.
Preloading 0 native plugins for Editor in 0.00 ms.
Unloading 2193 Unused Serialized files (Serialized files now loaded: 0)
System memory in use before: 98.9 MB.
System memory in use after: 99.0 MB.

Unloading 17 unused Assets to reduce memory usage. Loaded Objects now: 2657.
Total: 6.976400 ms (FindLiveObjects: 0.327800 ms CreateObjectMapping: 0.151000 ms MarkObjects: 6.428200 ms  DeleteObjects: 0.065400 ms)

AssetImportParameters requested are different than current active one (requested -> active):
  custom:framework-win-MediaFoundation: 216162199b28c13a410421893ffa2e32 -> 
  custom:video-decoder-ogg-theora: a1e56fd34408186e4bbccfd4996cb3dc -> 
  custom:container-muxer-webm: aa71ff27fc2769a1b78a27578f13a17b -> 
  custom:container-demuxer-webm: 4f35f7cbe854078d1ac9338744f61a02 -> 
  custom:container-demuxer-ogg: 62fdf1f143b41e24485cea50d1cbac27 -> 
  custom:video-encoder-webm-vp8: eb34c28f22e8b96e1ab97ce403110664 -> 
  custom:video-decoder-webm-vp8: 9c59270c3fd7afecdb556c50c9e8de78 -> 
  custom:audio-decoder-ogg-vorbis: bf7c407c2cedff20999df2af8eb42d56 -> 
  custom:audio-encoder-webm-vorbis: bf7c407c2cedff20999df2af8eb42d56 -> 
========================================================================
Received Import Request.
  Time since last request: 488.940619 seconds.
  path: Assets/Prefabs/Rooms
  artifactKey: Guid(b3436756c49cebb498a72a4af9e1f316) Importer(815301076,1909f56bfc062723c751e8b465ee728b)
Start importing Assets/Prefabs/Rooms using Guid(b3436756c49cebb498a72a4af9e1f316) Importer(815301076,1909f56bfc062723c751e8b465ee728b)  -> (artifact id: 'd540abbb28aba20178ce1afbd887b290') in 0.014288 seconds 
  Import took 0.020341 seconds .

========================================================================
Received Import Request.
  Time since last request: 3.215054 seconds.
  path: Assets/Prefabs/Rooms/Room Basic.prefab
  artifactKey: Guid(86b8169a707e069469eb823fcb3bc5c3) Importer(815301076,1909f56bfc062723c751e8b465ee728b)
Start importing Assets/Prefabs/Rooms/Room Basic.prefab using Guid(86b8169a707e069469eb823fcb3bc5c3) Importer(815301076,1909f56bfc062723c751e8b465ee728b)  -> (artifact id: 'bdbd991c8fe9c18fba98a33604ae3e17') in 0.092504 seconds 
  Import took 0.096876 seconds .

========================================================================
Received Prepare
Registering precompiled user dll's ...
Registered in 0.003063 seconds.
Begin MonoManager ReloadAssembly
Native extension for WindowsStandalone target not found
Native extension for WebGL target not found
Refreshing native plugins compatible for Editor in 0.61 ms, found 3 plugins.
Preloading 0 native plugins for Editor in 0.00 ms.
Mono: successfully reloaded assembly
- Completed reload, in  0.969 seconds
Domain Reload Profiling:
	ReloadAssembly (970ms)
		BeginReloadAssembly (119ms)
			ExecutionOrderSort (0ms)
			DisableScriptedObjects (5ms)
			BackupInstance (0ms)
			ReleaseScriptingObjects (0ms)
			CreateAndSetChildDomain (44ms)
		EndReloadAssembly (793ms)
			LoadAssemblies (88ms)
			RebuildTransferFunctionScriptingTraits (0ms)
			SetupTypeCache (283ms)
			ReleaseScriptCaches (2ms)
			RebuildScriptCaches (41ms)
			SetupLoadedEditorAssemblies (286ms)
				LogAssemblyErrors (0ms)
				InitializePlatformSupportModulesInManaged (5ms)
				SetLoadedEditorAssemblies (0ms)
				RefreshPlugins (1ms)
				BeforeProcessingInitializeOnLoad (91ms)
				ProcessInitializeOnLoadAttributes (177ms)
				ProcessInitializeOnLoadMethodAttributes (11ms)
				AfterProcessingInitializeOnLoad (2ms)
				EditorAssembliesLoaded (0ms)
			ExecutionOrderSort2 (0ms)
			AwakeInstancesAfterBackupRestoration (9ms)
Platform modules already initialized, skipping
Refreshing native plugins compatible for Editor in 0.62 ms, found 3 plugins.
Preloading 0 native plugins for Editor in 0.00 ms.
Unloading 2194 Unused Serialized files (Serialized files now loaded: 0)
System memory in use before: 98.9 MB.
System memory in use after: 99.0 MB.

Unloading 17 unused Assets to reduce memory usage. Loaded Objects now: 2661.
Total: 3.482200 ms (FindLiveObjects: 0.301000 ms CreateObjectMapping: 0.095500 ms MarkObjects: 3.061600 ms  DeleteObjects: 0.022500 ms)

AssetImportParameters requested are different than current active one (requested -> active):
  custom:framework-win-MediaFoundation: 216162199b28c13a410421893ffa2e32 -> 
  custom:video-decoder-ogg-theora: a1e56fd34408186e4bbccfd4996cb3dc -> 
  custom:container-muxer-webm: aa71ff27fc2769a1b78a27578f13a17b -> 
  custom:container-demuxer-webm: 4f35f7cbe854078d1ac9338744f61a02 -> 
  custom:container-demuxer-ogg: 62fdf1f143b41e24485cea50d1cbac27 -> 
  custom:video-encoder-webm-vp8: eb34c28f22e8b96e1ab97ce403110664 -> 
  custom:video-decoder-webm-vp8: 9c59270c3fd7afecdb556c50c9e8de78 -> 
  custom:audio-decoder-ogg-vorbis: bf7c407c2cedff20999df2af8eb42d56 -> 
  custom:audio-encoder-webm-vorbis: bf7c407c2cedff20999df2af8eb42d56 -> 
========================================================================
Received Import Request.
  Time since last request: 1026.030700 seconds.
  path: Assets/Scripts/CameraController.cs
  artifactKey: Guid(20c6c43953bea5b4d92f2c2e0df79ab9) Importer(815301076,1909f56bfc062723c751e8b465ee728b)
Start importing Assets/Scripts/CameraController.cs using Guid(20c6c43953bea5b4d92f2c2e0df79ab9) Importer(815301076,1909f56bfc062723c751e8b465ee728b)  -> (artifact id: '0d77c29b2742f501e1501c124c1b4515') in 0.013330 seconds 
  Import took 0.018389 seconds .

========================================================================
Received Prepare
Registering precompiled user dll's ...
Registered in 0.003062 seconds.
Begin MonoManager ReloadAssembly
Native extension for WindowsStandalone target not found
Native extension for WebGL target not found
Refreshing native plugins compatible for Editor in 1.03 ms, found 3 plugins.
Preloading 0 native plugins for Editor in 0.00 ms.
Mono: successfully reloaded assembly
- Completed reload, in  0.944 seconds
Domain Reload Profiling:
	ReloadAssembly (945ms)
		BeginReloadAssembly (115ms)
			ExecutionOrderSort (0ms)
			DisableScriptedObjects (5ms)
			BackupInstance (0ms)
			ReleaseScriptingObjects (0ms)
			CreateAndSetChildDomain (36ms)
		EndReloadAssembly (776ms)
			LoadAssemblies (84ms)
			RebuildTransferFunctionScriptingTraits (0ms)
			SetupTypeCache (295ms)
			ReleaseScriptCaches (1ms)
			RebuildScriptCaches (41ms)
			SetupLoadedEditorAssemblies (265ms)
				LogAssemblyErrors (0ms)
				InitializePlatformSupportModulesInManaged (4ms)
				SetLoadedEditorAssemblies (1ms)
				RefreshPlugins (1ms)
				BeforeProcessingInitializeOnLoad (70ms)
				ProcessInitializeOnLoadAttributes (176ms)
				ProcessInitializeOnLoadMethodAttributes (10ms)
				AfterProcessingInitializeOnLoad (2ms)
				EditorAssembliesLoaded (0ms)
			ExecutionOrderSort2 (0ms)
			AwakeInstancesAfterBackupRestoration (8ms)
Platform modules already initialized, skipping
Refreshing native plugins compatible for Editor in 0.61 ms, found 3 plugins.
Preloading 0 native plugins for Editor in 0.00 ms.
Unloading 2194 Unused Serialized files (Serialized files now loaded: 0)
System memory in use before: 98.9 MB.
System memory in use after: 99.1 MB.

Unloading 17 unused Assets to reduce memory usage. Loaded Objects now: 2663.
Total: 3.624400 ms (FindLiveObjects: 0.299000 ms CreateObjectMapping: 0.057900 ms MarkObjects: 3.236700 ms  DeleteObjects: 0.028600 ms)

AssetImportParameters requested are different than current active one (requested -> active):
  custom:framework-win-MediaFoundation: 216162199b28c13a410421893ffa2e32 -> 
  custom:video-decoder-ogg-theora: a1e56fd34408186e4bbccfd4996cb3dc -> 
  custom:container-muxer-webm: aa71ff27fc2769a1b78a27578f13a17b -> 
  custom:container-demuxer-webm: 4f35f7cbe854078d1ac9338744f61a02 -> 
  custom:container-demuxer-ogg: 62fdf1f143b41e24485cea50d1cbac27 -> 
  custom:video-encoder-webm-vp8: eb34c28f22e8b96e1ab97ce403110664 -> 
  custom:video-decoder-webm-vp8: 9c59270c3fd7afecdb556c50c9e8de78 -> 
  custom:audio-decoder-ogg-vorbis: bf7c407c2cedff20999df2af8eb42d56 -> 
  custom:audio-encoder-webm-vorbis: bf7c407c2cedff20999df2af8eb42d56 -> 
========================================================================
Received Prepare
Registering precompiled user dll's ...
Registered in 0.003083 seconds.
Begin MonoManager ReloadAssembly
Native extension for WindowsStandalone target not found
Native extension for WebGL target not found
Refreshing native plugins compatible for Editor in 0.56 ms, found 3 plugins.
Preloading 0 native plugins for Editor in 0.00 ms.
Mono: successfully reloaded assembly
- Completed reload, in  0.906 seconds
Domain Reload Profiling:
	ReloadAssembly (907ms)
		BeginReloadAssembly (105ms)
			ExecutionOrderSort (0ms)
			DisableScriptedObjects (5ms)
			BackupInstance (0ms)
			ReleaseScriptingObjects (0ms)
			CreateAndSetChildDomain (36ms)
		EndReloadAssembly (750ms)
			LoadAssemblies (79ms)
			RebuildTransferFunctionScriptingTraits (0ms)
			SetupTypeCache (271ms)
			ReleaseScriptCaches (1ms)
			RebuildScriptCaches (41ms)
			SetupLoadedEditorAssemblies (267ms)
				LogAssemblyErrors (0ms)
				InitializePlatformSupportModulesInManaged (4ms)
				SetLoadedEditorAssemblies (0ms)
				RefreshPlugins (1ms)
				BeforeProcessingInitializeOnLoad (71ms)
				ProcessInitializeOnLoadAttributes (178ms)
				ProcessInitializeOnLoadMethodAttributes (10ms)
				AfterProcessingInitializeOnLoad (2ms)
				EditorAssembliesLoaded (0ms)
			ExecutionOrderSort2 (0ms)
			AwakeInstancesAfterBackupRestoration (8ms)
Platform modules already initialized, skipping
Refreshing native plugins compatible for Editor in 0.56 ms, found 3 plugins.
Preloading 0 native plugins for Editor in 0.00 ms.
Unloading 2194 Unused Serialized files (Serialized files now loaded: 0)
System memory in use before: 98.8 MB.
System memory in use after: 99.0 MB.

Unloading 17 unused Assets to reduce memory usage. Loaded Objects now: 2665.
Total: 3.929300 ms (FindLiveObjects: 0.299100 ms CreateObjectMapping: 0.096200 ms MarkObjects: 3.509800 ms  DeleteObjects: 0.022200 ms)

AssetImportParameters requested are different than current active one (requested -> active):
  custom:framework-win-MediaFoundation: 216162199b28c13a410421893ffa2e32 -> 
  custom:video-decoder-ogg-theora: a1e56fd34408186e4bbccfd4996cb3dc -> 
  custom:container-muxer-webm: aa71ff27fc2769a1b78a27578f13a17b -> 
  custom:container-demuxer-webm: 4f35f7cbe854078d1ac9338744f61a02 -> 
  custom:container-demuxer-ogg: 62fdf1f143b41e24485cea50d1cbac27 -> 
  custom:video-encoder-webm-vp8: eb34c28f22e8b96e1ab97ce403110664 -> 
  custom:video-decoder-webm-vp8: 9c59270c3fd7afecdb556c50c9e8de78 -> 
  custom:audio-decoder-ogg-vorbis: bf7c407c2cedff20999df2af8eb42d56 -> 
  custom:audio-encoder-webm-vorbis: bf7c407c2cedff20999df2af8eb42d56 -> 
========================================================================
Received Import Request.
  Time since last request: 1618.163388 seconds.
  path: Assets/Scripts/Room.cs
  artifactKey: Guid(0f8fa9220ac935c4fa291483b6fe2ba3) Importer(815301076,1909f56bfc062723c751e8b465ee728b)
Start importing Assets/Scripts/Room.cs using Guid(0f8fa9220ac935c4fa291483b6fe2ba3) Importer(815301076,1909f56bfc062723c751e8b465ee728b)  -> (artifact id: '3f6c90a483013cd3a9d28503c232df21') in 0.014595 seconds 
  Import took 0.019733 seconds .

========================================================================
Received Prepare
Registering precompiled user dll's ...
Registered in 0.002956 seconds.
Begin MonoManager ReloadAssembly
Native extension for WindowsStandalone target not found
Native extension for WebGL target not found
Refreshing native plugins compatible for Editor in 0.64 ms, found 3 plugins.
Preloading 0 native plugins for Editor in 0.00 ms.
Mono: successfully reloaded assembly
- Completed reload, in  1.015 seconds
Domain Reload Profiling:
	ReloadAssembly (1015ms)
		BeginReloadAssembly (119ms)
			ExecutionOrderSort (0ms)
			DisableScriptedObjects (5ms)
			BackupInstance (0ms)
			ReleaseScriptingObjects (0ms)
			CreateAndSetChildDomain (41ms)
		EndReloadAssembly (826ms)
			LoadAssemblies (100ms)
			RebuildTransferFunctionScriptingTraits (0ms)
			SetupTypeCache (305ms)
			ReleaseScriptCaches (3ms)
			RebuildScriptCaches (46ms)
			SetupLoadedEditorAssemblies (268ms)
				LogAssemblyErrors (0ms)
				InitializePlatformSupportModulesInManaged (5ms)
				SetLoadedEditorAssemblies (0ms)
				RefreshPlugins (1ms)
				BeforeProcessingInitializeOnLoad (70ms)
				ProcessInitializeOnLoadAttributes (180ms)
				ProcessInitializeOnLoadMethodAttributes (10ms)
				AfterProcessingInitializeOnLoad (2ms)
				EditorAssembliesLoaded (0ms)
			ExecutionOrderSort2 (0ms)
			AwakeInstancesAfterBackupRestoration (9ms)
Platform modules already initialized, skipping
Refreshing native plugins compatible for Editor in 0.83 ms, found 3 plugins.
Preloading 0 native plugins for Editor in 0.00 ms.
Unloading 2195 Unused Serialized files (Serialized files now loaded: 0)
System memory in use before: 98.9 MB.
System memory in use after: 99.0 MB.

Unloading 17 unused Assets to reduce memory usage. Loaded Objects now: 2668.
Total: 4.768400 ms (FindLiveObjects: 0.479300 ms CreateObjectMapping: 0.113400 ms MarkObjects: 4.148500 ms  DeleteObjects: 0.024800 ms)

AssetImportParameters requested are different than current active one (requested -> active):
  custom:framework-win-MediaFoundation: 216162199b28c13a410421893ffa2e32 -> 
  custom:video-decoder-ogg-theora: a1e56fd34408186e4bbccfd4996cb3dc -> 
  custom:container-muxer-webm: aa71ff27fc2769a1b78a27578f13a17b -> 
  custom:container-demuxer-webm: 4f35f7cbe854078d1ac9338744f61a02 -> 
  custom:container-demuxer-ogg: 62fdf1f143b41e24485cea50d1cbac27 -> 
  custom:video-encoder-webm-vp8: eb34c28f22e8b96e1ab97ce403110664 -> 
  custom:video-decoder-webm-vp8: 9c59270c3fd7afecdb556c50c9e8de78 -> 
  custom:audio-decoder-ogg-vorbis: bf7c407c2cedff20999df2af8eb42d56 -> 
  custom:audio-encoder-webm-vorbis: bf7c407c2cedff20999df2af8eb42d56 -> 
========================================================================
Received Prepare
Registering precompiled user dll's ...
Registered in 0.003481 seconds.
Begin MonoManager ReloadAssembly
Native extension for WindowsStandalone target not found
Native extension for WebGL target not found
Refreshing native plugins compatible for Editor in 0.56 ms, found 3 plugins.
Preloading 0 native plugins for Editor in 0.00 ms.
Mono: successfully reloaded assembly
- Completed reload, in  1.031 seconds
Domain Reload Profiling:
	ReloadAssembly (1032ms)
		BeginReloadAssembly (155ms)
			ExecutionOrderSort (0ms)
			DisableScriptedObjects (5ms)
			BackupInstance (0ms)
			ReleaseScriptingObjects (0ms)
			CreateAndSetChildDomain (68ms)
		EndReloadAssembly (815ms)
			LoadAssemblies (98ms)
			RebuildTransferFunctionScriptingTraits (0ms)
			SetupTypeCache (322ms)
			ReleaseScriptCaches (1ms)
			RebuildScriptCaches (42ms)
			SetupLoadedEditorAssemblies (266ms)
				LogAssemblyErrors (0ms)
				InitializePlatformSupportModulesInManaged (5ms)
				SetLoadedEditorAssemblies (0ms)
				RefreshPlugins (1ms)
				BeforeProcessingInitializeOnLoad (70ms)
				ProcessInitializeOnLoadAttributes (179ms)
				ProcessInitializeOnLoadMethodAttributes (10ms)
				AfterProcessingInitializeOnLoad (2ms)
				EditorAssembliesLoaded (0ms)
			ExecutionOrderSort2 (0ms)
			AwakeInstancesAfterBackupRestoration (8ms)
Platform modules already initialized, skipping
Refreshing native plugins compatible for Editor in 0.63 ms, found 3 plugins.
Preloading 0 native plugins for Editor in 0.00 ms.
Unloading 2195 Unused Serialized files (Serialized files now loaded: 0)
System memory in use before: 98.9 MB.
System memory in use after: 99.0 MB.

Unloading 17 unused Assets to reduce memory usage. Loaded Objects now: 2670.
Total: 5.532900 ms (FindLiveObjects: 0.714800 ms CreateObjectMapping: 0.097000 ms MarkObjects: 4.680800 ms  DeleteObjects: 0.035100 ms)

AssetImportParameters requested are different than current active one (requested -> active):
  custom:framework-win-MediaFoundation: 216162199b28c13a410421893ffa2e32 -> 
  custom:video-decoder-ogg-theora: a1e56fd34408186e4bbccfd4996cb3dc -> 
  custom:container-muxer-webm: aa71ff27fc2769a1b78a27578f13a17b -> 
  custom:container-demuxer-webm: 4f35f7cbe854078d1ac9338744f61a02 -> 
  custom:container-demuxer-ogg: 62fdf1f143b41e24485cea50d1cbac27 -> 
  custom:video-encoder-webm-vp8: eb34c28f22e8b96e1ab97ce403110664 -> 
  custom:video-decoder-webm-vp8: 9c59270c3fd7afecdb556c50c9e8de78 -> 
  custom:audio-decoder-ogg-vorbis: bf7c407c2cedff20999df2af8eb42d56 -> 
  custom:audio-encoder-webm-vorbis: bf7c407c2cedff20999df2af8eb42d56 -> 
========================================================================
Received Prepare
Registering precompiled user dll's ...
Registered in 0.002841 seconds.
Begin MonoManager ReloadAssembly
Native extension for WindowsStandalone target not found
Native extension for WebGL target not found
Refreshing native plugins compatible for Editor in 0.57 ms, found 3 plugins.
Preloading 0 native plugins for Editor in 0.00 ms.
Mono: successfully reloaded assembly
- Completed reload, in  0.951 seconds
Domain Reload Profiling:
	ReloadAssembly (951ms)
		BeginReloadAssembly (121ms)
			ExecutionOrderSort (0ms)
			DisableScriptedObjects (5ms)
			BackupInstance (0ms)
			ReleaseScriptingObjects (0ms)
			CreateAndSetChildDomain (40ms)
		EndReloadAssembly (767ms)
			LoadAssemblies (88ms)
			RebuildTransferFunctionScriptingTraits (0ms)
			SetupTypeCache (290ms)
			ReleaseScriptCaches (1ms)
			RebuildScriptCaches (43ms)
			SetupLoadedEditorAssemblies (260ms)
				LogAssemblyErrors (0ms)
				InitializePlatformSupportModulesInManaged (5ms)
				SetLoadedEditorAssemblies (0ms)
				RefreshPlugins (1ms)
				BeforeProcessingInitializeOnLoad (70ms)
				ProcessInitializeOnLoadAttributes (172ms)
				ProcessInitializeOnLoadMethodAttributes (10ms)
				AfterProcessingInitializeOnLoad (2ms)
				EditorAssembliesLoaded (0ms)
			ExecutionOrderSort2 (0ms)
			AwakeInstancesAfterBackupRestoration (8ms)
Platform modules already initialized, skipping
Refreshing native plugins compatible for Editor in 0.58 ms, found 3 plugins.
Preloading 0 native plugins for Editor in 0.00 ms.
Unloading 2195 Unused Serialized files (Serialized files now loaded: 0)
System memory in use before: 98.9 MB.
System memory in use after: 99.0 MB.

Unloading 17 unused Assets to reduce memory usage. Loaded Objects now: 2672.
Total: 4.670900 ms (FindLiveObjects: 0.476700 ms CreateObjectMapping: 0.079600 ms MarkObjects: 4.059900 ms  DeleteObjects: 0.051400 ms)

AssetImportParameters requested are different than current active one (requested -> active):
  custom:framework-win-MediaFoundation: 216162199b28c13a410421893ffa2e32 -> 
  custom:video-decoder-ogg-theora: a1e56fd34408186e4bbccfd4996cb3dc -> 
  custom:container-muxer-webm: aa71ff27fc2769a1b78a27578f13a17b -> 
  custom:container-demuxer-webm: 4f35f7cbe854078d1ac9338744f61a02 -> 
  custom:container-demuxer-ogg: 62fdf1f143b41e24485cea50d1cbac27 -> 
  custom:video-encoder-webm-vp8: eb34c28f22e8b96e1ab97ce403110664 -> 
  custom:video-decoder-webm-vp8: 9c59270c3fd7afecdb556c50c9e8de78 -> 
  custom:audio-decoder-ogg-vorbis: bf7c407c2cedff20999df2af8eb42d56 -> 
  custom:audio-encoder-webm-vorbis: bf7c407c2cedff20999df2af8eb42d56 -> 
========================================================================
Received Prepare
Registering precompiled user dll's ...
Registered in 0.002734 seconds.
Begin MonoManager ReloadAssembly
Native extension for WindowsStandalone target not found
Native extension for WebGL target not found
Refreshing native plugins compatible for Editor in 0.66 ms, found 3 plugins.
Preloading 0 native plugins for Editor in 0.00 ms.
Mono: successfully reloaded assembly
- Completed reload, in  0.917 seconds
Domain Reload Profiling:
	ReloadAssembly (917ms)
		BeginReloadAssembly (104ms)
			ExecutionOrderSort (0ms)
			DisableScriptedObjects (5ms)
			BackupInstance (0ms)
			ReleaseScriptingObjects (0ms)
			CreateAndSetChildDomain (35ms)
		EndReloadAssembly (761ms)
			LoadAssemblies (80ms)
			RebuildTransferFunctionScriptingTraits (0ms)
			SetupTypeCache (277ms)
			ReleaseScriptCaches (1ms)
			RebuildScriptCaches (42ms)
			SetupLoadedEditorAssemblies (271ms)
				LogAssemblyErrors (0ms)
				InitializePlatformSupportModulesInManaged (5ms)
				SetLoadedEditorAssemblies (0ms)
				RefreshPlugins (1ms)
				BeforeProcessingInitializeOnLoad (74ms)
				ProcessInitializeOnLoadAttributes (179ms)
				ProcessInitializeOnLoadMethodAttributes (9ms)
				AfterProcessingInitializeOnLoad (2ms)
				EditorAssembliesLoaded (0ms)
			ExecutionOrderSort2 (0ms)
			AwakeInstancesAfterBackupRestoration (8ms)
Platform modules already initialized, skipping
Refreshing native plugins compatible for Editor in 0.56 ms, found 3 plugins.
Preloading 0 native plugins for Editor in 0.00 ms.
Unloading 2195 Unused Serialized files (Serialized files now loaded: 0)
System memory in use before: 98.9 MB.
System memory in use after: 99.0 MB.

Unloading 17 unused Assets to reduce memory usage. Loaded Objects now: 2674.
Total: 3.372300 ms (FindLiveObjects: 0.250900 ms CreateObjectMapping: 0.053500 ms MarkObjects: 3.038800 ms  DeleteObjects: 0.027000 ms)

AssetImportParameters requested are different than current active one (requested -> active):
  custom:framework-win-MediaFoundation: 216162199b28c13a410421893ffa2e32 -> 
  custom:video-decoder-ogg-theora: a1e56fd34408186e4bbccfd4996cb3dc -> 
  custom:container-muxer-webm: aa71ff27fc2769a1b78a27578f13a17b -> 
  custom:container-demuxer-webm: 4f35f7cbe854078d1ac9338744f61a02 -> 
  custom:container-demuxer-ogg: 62fdf1f143b41e24485cea50d1cbac27 -> 
  custom:video-encoder-webm-vp8: eb34c28f22e8b96e1ab97ce403110664 -> 
  custom:video-decoder-webm-vp8: 9c59270c3fd7afecdb556c50c9e8de78 -> 
  custom:audio-decoder-ogg-vorbis: bf7c407c2cedff20999df2af8eb42d56 -> 
  custom:audio-encoder-webm-vorbis: bf7c407c2cedff20999df2af8eb42d56 -> 
========================================================================
Received Prepare
Registering precompiled user dll's ...
Registered in 0.002874 seconds.
Begin MonoManager ReloadAssembly
Native extension for WindowsStandalone target not found
Native extension for WebGL target not found
Refreshing native plugins compatible for Editor in 0.62 ms, found 3 plugins.
Preloading 0 native plugins for Editor in 0.00 ms.
Mono: successfully reloaded assembly
- Completed reload, in  0.983 seconds
Domain Reload Profiling:
	ReloadAssembly (984ms)
		BeginReloadAssembly (119ms)
			ExecutionOrderSort (0ms)
			DisableScriptedObjects (5ms)
			BackupInstance (0ms)
			ReleaseScriptingObjects (0ms)
			CreateAndSetChildDomain (52ms)
		EndReloadAssembly (812ms)
			LoadAssemblies (95ms)
			RebuildTransferFunctionScriptingTraits (0ms)
			SetupTypeCache (304ms)
			ReleaseScriptCaches (1ms)
			RebuildScriptCaches (44ms)
			SetupLoadedEditorAssemblies (277ms)
				LogAssemblyErrors (0ms)
				InitializePlatformSupportModulesInManaged (4ms)
				SetLoadedEditorAssemblies (1ms)
				RefreshPlugins (1ms)
				BeforeProcessingInitializeOnLoad (76ms)
				ProcessInitializeOnLoadAttributes (184ms)
				ProcessInitializeOnLoadMethodAttributes (10ms)
				AfterProcessingInitializeOnLoad (2ms)
				EditorAssembliesLoaded (0ms)
			ExecutionOrderSort2 (0ms)
			AwakeInstancesAfterBackupRestoration (8ms)
Platform modules already initialized, skipping
Refreshing native plugins compatible for Editor in 0.56 ms, found 3 plugins.
Preloading 0 native plugins for Editor in 0.00 ms.
Unloading 2195 Unused Serialized files (Serialized files now loaded: 0)
System memory in use before: 98.9 MB.
System memory in use after: 99.0 MB.

Unloading 17 unused Assets to reduce memory usage. Loaded Objects now: 2676.
Total: 4.008200 ms (FindLiveObjects: 0.298800 ms CreateObjectMapping: 0.055300 ms MarkObjects: 3.627600 ms  DeleteObjects: 0.024900 ms)

AssetImportParameters requested are different than current active one (requested -> active):
  custom:framework-win-MediaFoundation: 216162199b28c13a410421893ffa2e32 -> 
  custom:video-decoder-ogg-theora: a1e56fd34408186e4bbccfd4996cb3dc -> 
  custom:container-muxer-webm: aa71ff27fc2769a1b78a27578f13a17b -> 
  custom:container-demuxer-webm: 4f35f7cbe854078d1ac9338744f61a02 -> 
  custom:container-demuxer-ogg: 62fdf1f143b41e24485cea50d1cbac27 -> 
  custom:video-encoder-webm-vp8: eb34c28f22e8b96e1ab97ce403110664 -> 
  custom:video-decoder-webm-vp8: 9c59270c3fd7afecdb556c50c9e8de78 -> 
  custom:audio-decoder-ogg-vorbis: bf7c407c2cedff20999df2af8eb42d56 -> 
  custom:audio-encoder-webm-vorbis: bf7c407c2cedff20999df2af8eb42d56 -> 
========================================================================
Received Prepare
Registering precompiled user dll's ...
Registered in 0.003275 seconds.
Begin MonoManager ReloadAssembly
Native extension for WindowsStandalone target not found
Native extension for WebGL target not found
Refreshing native plugins compatible for Editor in 0.65 ms, found 3 plugins.
Preloading 0 native plugins for Editor in 0.00 ms.
Mono: successfully reloaded assembly
- Completed reload, in  1.046 seconds
Domain Reload Profiling:
	ReloadAssembly (1047ms)
		BeginReloadAssembly (158ms)
			ExecutionOrderSort (0ms)
			DisableScriptedObjects (8ms)
			BackupInstance (0ms)
			ReleaseScriptingObjects (0ms)
			CreateAndSetChildDomain (64ms)
		EndReloadAssembly (813ms)
			LoadAssemblies (125ms)
			RebuildTransferFunctionScriptingTraits (0ms)
			SetupTypeCache (300ms)
			ReleaseScriptCaches (1ms)
			RebuildScriptCaches (41ms)
			SetupLoadedEditorAssemblies (266ms)
				LogAssemblyErrors (0ms)
				InitializePlatformSupportModulesInManaged (4ms)
				SetLoadedEditorAssemblies (0ms)
				RefreshPlugins (1ms)
				BeforeProcessingInitializeOnLoad (72ms)
				ProcessInitializeOnLoadAttributes (177ms)
				ProcessInitializeOnLoadMethodAttributes (9ms)
				AfterProcessingInitializeOnLoad (2ms)
				EditorAssembliesLoaded (0ms)
			ExecutionOrderSort2 (0ms)
			AwakeInstancesAfterBackupRestoration (8ms)
Platform modules already initialized, skipping
Refreshing native plugins compatible for Editor in 0.58 ms, found 3 plugins.
Preloading 0 native plugins for Editor in 0.00 ms.
Unloading 2195 Unused Serialized files (Serialized files now loaded: 0)
System memory in use before: 98.9 MB.
System memory in use after: 99.0 MB.

Unloading 17 unused Assets to reduce memory usage. Loaded Objects now: 2678.
Total: 4.328200 ms (FindLiveObjects: 0.418200 ms CreateObjectMapping: 0.100400 ms MarkObjects: 3.780300 ms  DeleteObjects: 0.026800 ms)

AssetImportParameters requested are different than current active one (requested -> active):
  custom:framework-win-MediaFoundation: 216162199b28c13a410421893ffa2e32 -> 
  custom:video-decoder-ogg-theora: a1e56fd34408186e4bbccfd4996cb3dc -> 
  custom:container-muxer-webm: aa71ff27fc2769a1b78a27578f13a17b -> 
  custom:container-demuxer-webm: 4f35f7cbe854078d1ac9338744f61a02 -> 
  custom:container-demuxer-ogg: 62fdf1f143b41e24485cea50d1cbac27 -> 
  custom:video-encoder-webm-vp8: eb34c28f22e8b96e1ab97ce403110664 -> 
  custom:video-decoder-webm-vp8: 9c59270c3fd7afecdb556c50c9e8de78 -> 
  custom:audio-decoder-ogg-vorbis: bf7c407c2cedff20999df2af8eb42d56 -> 
  custom:audio-encoder-webm-vorbis: bf7c407c2cedff20999df2af8eb42d56 -> 
========================================================================
Received Prepare
Registering precompiled user dll's ...
Registered in 0.004392 seconds.
Begin MonoManager ReloadAssembly
Native extension for WindowsStandalone target not found
Native extension for WebGL target not found
Refreshing native plugins compatible for Editor in 0.69 ms, found 3 plugins.
Preloading 0 native plugins for Editor in 0.00 ms.
Mono: successfully reloaded assembly
- Completed reload, in  0.912 seconds
Domain Reload Profiling:
	ReloadAssembly (913ms)
		BeginReloadAssembly (104ms)
			ExecutionOrderSort (0ms)
			DisableScriptedObjects (5ms)
			BackupInstance (0ms)
			ReleaseScriptingObjects (0ms)
			CreateAndSetChildDomain (35ms)
		EndReloadAssembly (755ms)
			LoadAssemblies (81ms)
			RebuildTransferFunctionScriptingTraits (0ms)
			SetupTypeCache (274ms)
			ReleaseScriptCaches (1ms)
			RebuildScriptCaches (40ms)
			SetupLoadedEditorAssemblies (260ms)
				LogAssemblyErrors (0ms)
				InitializePlatformSupportModulesInManaged (4ms)
				SetLoadedEditorAssemblies (0ms)
				RefreshPlugins (1ms)
				BeforeProcessingInitializeOnLoad (70ms)
				ProcessInitializeOnLoadAttributes (173ms)
				ProcessInitializeOnLoadMethodAttributes (10ms)
				AfterProcessingInitializeOnLoad (2ms)
				EditorAssembliesLoaded (0ms)
			ExecutionOrderSort2 (0ms)
			AwakeInstancesAfterBackupRestoration (8ms)
Platform modules already initialized, skipping
Refreshing native plugins compatible for Editor in 0.64 ms, found 3 plugins.
Preloading 0 native plugins for Editor in 0.00 ms.
Unloading 2195 Unused Serialized files (Serialized files now loaded: 0)
System memory in use before: 98.9 MB.
System memory in use after: 99.0 MB.

Unloading 17 unused Assets to reduce memory usage. Loaded Objects now: 2680.
Total: 4.147500 ms (FindLiveObjects: 0.300400 ms CreateObjectMapping: 0.098100 ms MarkObjects: 3.716100 ms  DeleteObjects: 0.030600 ms)

AssetImportParameters requested are different than current active one (requested -> active):
  custom:framework-win-MediaFoundation: 216162199b28c13a410421893ffa2e32 -> 
  custom:video-decoder-ogg-theora: a1e56fd34408186e4bbccfd4996cb3dc -> 
  custom:container-muxer-webm: aa71ff27fc2769a1b78a27578f13a17b -> 
  custom:container-demuxer-webm: 4f35f7cbe854078d1ac9338744f61a02 -> 
  custom:container-demuxer-ogg: 62fdf1f143b41e24485cea50d1cbac27 -> 
  custom:video-encoder-webm-vp8: eb34c28f22e8b96e1ab97ce403110664 -> 
  custom:video-decoder-webm-vp8: 9c59270c3fd7afecdb556c50c9e8de78 -> 
  custom:audio-decoder-ogg-vorbis: bf7c407c2cedff20999df2af8eb42d56 -> 
  custom:audio-encoder-webm-vorbis: bf7c407c2cedff20999df2af8eb42d56 -> 
========================================================================
Received Prepare
Registering precompiled user dll's ...
Registered in 0.002818 seconds.
Begin MonoManager ReloadAssembly
Native extension for WindowsStandalone target not found
Native extension for WebGL target not found
Refreshing native plugins compatible for Editor in 0.68 ms, found 3 plugins.
Preloading 0 native plugins for Editor in 0.00 ms.
Mono: successfully reloaded assembly
- Completed reload, in  0.916 seconds
Domain Reload Profiling:
	ReloadAssembly (916ms)
		BeginReloadAssembly (109ms)
			ExecutionOrderSort (0ms)
			DisableScriptedObjects (5ms)
			BackupInstance (0ms)
			ReleaseScriptingObjects (0ms)
			CreateAndSetChildDomain (35ms)
		EndReloadAssembly (751ms)
			LoadAssemblies (78ms)
			RebuildTransferFunctionScriptingTraits (0ms)
			SetupTypeCache (278ms)
			ReleaseScriptCaches (1ms)
			RebuildScriptCaches (42ms)
			SetupLoadedEditorAssemblies (261ms)
				LogAssemblyErrors (0ms)
				InitializePlatformSupportModulesInManaged (4ms)
				SetLoadedEditorAssemblies (0ms)
				RefreshPlugins (1ms)
				BeforeProcessingInitializeOnLoad (70ms)
				ProcessInitializeOnLoadAttributes (173ms)
				ProcessInitializeOnLoadMethodAttributes (9ms)
				AfterProcessingInitializeOnLoad (2ms)
				EditorAssembliesLoaded (0ms)
			ExecutionOrderSort2 (0ms)
			AwakeInstancesAfterBackupRestoration (8ms)
Platform modules already initialized, skipping
Refreshing native plugins compatible for Editor in 0.72 ms, found 3 plugins.
Preloading 0 native plugins for Editor in 0.00 ms.
Unloading 2195 Unused Serialized files (Serialized files now loaded: 0)
System memory in use before: 98.9 MB.
System memory in use after: 99.0 MB.

Unloading 17 unused Assets to reduce memory usage. Loaded Objects now: 2682.
Total: 3.849600 ms (FindLiveObjects: 0.727500 ms CreateObjectMapping: 0.076300 ms MarkObjects: 3.004300 ms  DeleteObjects: 0.031900 ms)

AssetImportParameters requested are different than current active one (requested -> active):
  custom:framework-win-MediaFoundation: 216162199b28c13a410421893ffa2e32 -> 
  custom:video-decoder-ogg-theora: a1e56fd34408186e4bbccfd4996cb3dc -> 
  custom:container-muxer-webm: aa71ff27fc2769a1b78a27578f13a17b -> 
  custom:container-demuxer-webm: 4f35f7cbe854078d1ac9338744f61a02 -> 
  custom:container-demuxer-ogg: 62fdf1f143b41e24485cea50d1cbac27 -> 
  custom:video-encoder-webm-vp8: eb34c28f22e8b96e1ab97ce403110664 -> 
  custom:video-decoder-webm-vp8: 9c59270c3fd7afecdb556c50c9e8de78 -> 
  custom:audio-decoder-ogg-vorbis: bf7c407c2cedff20999df2af8eb42d56 -> 
  custom:audio-encoder-webm-vorbis: bf7c407c2cedff20999df2af8eb42d56 -> 
AssetImportWorkerClient::OnTransportError - code=2 error=End of file
